[2021-11-21 12:03:11] local.ERROR: View [layouts.paritals.nav] not found. (View: C:\Users\loc_m\Documents\GitHub\CNPM-Restaurant\source_code\resources\views\contact-us.blade.php) {"exception":"[object] (Facade\\Ignition\\Exceptions\\ViewException(code: 0): View [layouts.paritals.nav] not found. (View: C:\\Users\\loc_m\\Documents\\GitHub\\CNPM-Restaurant\\source_code\esources\\views\\contact-us.blade.php) at C:\\Users\\loc_m\\Documents\\GitHub\\CNPM-Restaurant\\source_code\\vendor\\laravel\\framework\\src\\Illuminate\\View\\FileViewFinder.php:137)
[stacktrace]
#0 C:\\Users\\loc_m\\Documents\\GitHub\\CNPM-Restaurant\\source_code\\vendor\\laravel\\framework\\src\\Illuminate\\View\\FileViewFinder.php(79): Illuminate\\View\\FileViewFinder->findInPaths('layouts.parital...', Array)
#1 C:\\Users\\loc_m\\Documents\\GitHub\\CNPM-Restaurant\\source_code\\vendor\\laravel\\framework\\src\\Illuminate\\View\\Factory.php(138): Illuminate\\View\\FileViewFinder->find('layouts.parital...')
#2 C:\\Users\\loc_m\\Documents\\GitHub\\CNPM-Restaurant\\source_code\esources\\views/contact-us.blade.php(14): Illuminate\\View\\Factory->make('layouts.parital...', Array)
#3 C:\\Users\\loc_m\\Documents\\GitHub\\CNPM-Restaurant\\source_code\\vendor\\laravel\\framework\\src\\Illuminate\\View\\Engines\\PhpEngine.php(41): include('C:\\\\Users\\\\loc_m\\\\...')
#4 C:\\Users\\loc_m\\Documents\\GitHub\\CNPM-Restaurant\\source_code\\vendor\\laravel\\framework\\src\\Illuminate\\View\\Engines\\CompilerEngine.php(57): Illuminate\\View\\Engines\\PhpEngine->evaluatePath('C:\\\\Users\\\\loc_m\\\\...', Array)
#5 C:\\Users\\loc_m\\Documents\\GitHub\\CNPM-Restaurant\\source_code\\vendor\\facade\\ignition\\src\\Views\\Engines\\CompilerEngine.php(37): Illuminate\\View\\Engines\\CompilerEngine->get('C:\\\\Users\\\\loc_m\\\\...', Array)
#6 C:\\Users\\loc_m\\Documents\\GitHub\\CNPM-Restaurant\\source_code\\vendor\\laravel\\framework\\src\\Illuminate\\View\\View.php(139): Facade\\Ignition\\Views\\Engines\\CompilerEngine->get('C:\\\\Users\\\\loc_m\\\\...', Array)
#7 C:\\Users\\loc_m\\Documents\\GitHub\\CNPM-Restaurant\\source_code\\vendor\\laravel\\framework\\src\\Illuminate\\View\\View.php(122): Illuminate\\View\\View->getContents()
#8 C:\\Users\\loc_m\\Documents\\GitHub\\CNPM-Restaurant\\source_code\\vendor\\laravel\\framework\\src\\Illuminate\\View\\View.php(91): Illuminate\\View\\View->renderContents()
#9 C:\\Users\\loc_m\\Documents\\GitHub\\CNPM-Restaurant\\source_code\\vendor\\laravel\\framework\\src\\Illuminate\\Http\\Response.php(62): Illuminate\\View\\View->render()
#10 C:\\Users\\loc_m\\Documents\\GitHub\\CNPM-Restaurant\\source_code\\vendor\\laravel\\framework\\src\\Illuminate\\Http\\Response.php(34): Illuminate\\Http\\Response->setContent(Object(Illuminate\\View\\View))
#11 C:\\Users\\loc_m\\Documents\\GitHub\\CNPM-Restaurant\\source_code\\vendor\\laravel\\framework\\src\\Illuminate\\Routing\\Router.php(759): Illuminate\\Http\\Response->__construct(Object(Illuminate\\View\\View), 200, Array)
#12 C:\\Users\\loc_m\\Documents\\GitHub\\CNPM-Restaurant\\source_code\\vendor\\laravel\\framework\\src\\Illuminate\\Routing\\Router.php(731): Illuminate\\Routing\\Router::toResponse(Object(Illuminate\\Http\\Request), Object(Illuminate\\View\\View))
#13 C:\\Users\\loc_m\\Documents\\GitHub\\CNPM-Restaurant\\source_code\\vendor\\laravel\\framework\\src\\Illuminate\\Routing\\Router.php(685): Illuminate\\Routing\\Router->prepareResponse(Object(Illuminate\\Http\\Request), Object(Illuminate\\View\\View))
#14 C:\\Users\\loc_m\\Documents\\GitHub\\CNPM-Restaurant\\source_code\\vendor\\laravel\\framework\\src\\Illuminate\\Pipeline\\Pipeline.php(128): Illuminate\\Routing\\Router->Illuminate\\Routing\\{closure}(Object(Illuminate\\Http\\Request))
#15 C:\\Users\\loc_m\\Documents\\GitHub\\CNPM-Restaurant\\source_code\\vendor\\laravel\\framework\\src\\Illuminate\\Routing\\Middleware\\SubstituteBindings.php(41): Illuminate\\Pipeline\\Pipeline->Illuminate\\Pipeline\\{closure}(Object(Illuminate\\Http\\Request))
#16 C:\\Users\\loc_m\\Documents\\GitHub\\CNPM-Restaurant\\source_code\\vendor\\laravel\\framework\\src\\Illuminate\\Pipeline\\Pipeline.php(167): Illuminate\\Routing\\Middleware\\SubstituteBindings->handle(Object(Illuminate\\Http\\Request), Object(Closure))
#17 C:\\Users\\loc_m\\Documents\\GitHub\\CNPM-Restaurant\\source_code\\vendor\\laravel\\framework\\src\\Illuminate\\Foundation\\Http\\Middleware\\VerifyCsrfToken.php(78): Illuminate\\Pipeline\\Pipeline->Illuminate\\Pipeline\\{closure}(Object(Illuminate\\Http\\Request))
#18 C:\\Users\\loc_m\\Documents\\GitHub\\CNPM-Restaurant\\source_code\\vendor\\laravel\\framework\\src\\Illuminate\\Pipeline\\Pipeline.php(167): Illuminate\\Foundation\\Http\\Middleware\\VerifyCsrfToken->handle(Object(Illuminate\\Http\\Request), Object(Closure))
#19 C:\\Users\\loc_m\\Documents\\GitHub\\CNPM-Restaurant\\source_code\\vendor\\laravel\\framework\\src\\Illuminate\\View\\Middleware\\ShareErrorsFromSession.php(49): Illuminate\\Pipeline\\Pipeline->Illuminate\\Pipeline\\{closure}(Object(Illuminate\\Http\\Request))
#20 C:\\Users\\loc_m\\Documents\\GitHub\\CNPM-Restaurant\\source_code\\vendor\\laravel\\framework\\src\\Illuminate\\Pipeline\\Pipeline.php(167): Illuminate\\View\\Middleware\\ShareErrorsFromSession->handle(Object(Illuminate\\Http\\Request), Object(Closure))
#21 C:\\Users\\loc_m\\Documents\\GitHub\\CNPM-Restaurant\\source_code\\vendor\\laravel\\framework\\src\\Illuminate\\Session\\Middleware\\StartSession.php(116): Illuminate\\Pipeline\\Pipeline->Illuminate\\Pipeline\\{closure}(Object(Illuminate\\Http\\Request))
#22 C:\\Users\\loc_m\\Documents\\GitHub\\CNPM-Restaurant\\source_code\\vendor\\laravel\\framework\\src\\Illuminate\\Session\\Middleware\\StartSession.php(62): Illuminate\\Session\\Middleware\\StartSession->handleStatefulRequest(Object(Illuminate\\Http\\Request), Object(Illuminate\\Session\\Store), Object(Closure))
#23 C:\\Users\\loc_m\\Documents\\GitHub\\CNPM-Restaurant\\source_code\\vendor\\laravel\\framework\\src\\Illuminate\\Pipeline\\Pipeline.php(167): Illuminate\\Session\\Middleware\\StartSession->handle(Object(Illuminate\\Http\\Request), Object(Closure))
#24 C:\\Users\\loc_m\\Documents\\GitHub\\CNPM-Restaurant\\source_code\\vendor\\laravel\\framework\\src\\Illuminate\\Cookie\\Middleware\\AddQueuedCookiesToResponse.php(37): Illuminate\\Pipeline\\Pipeline->Illuminate\\Pipeline\\{closure}(Object(Illuminate\\Http\\Request))
#25 C:\\Users\\loc_m\\Documents\\GitHub\\CNPM-Restaurant\\source_code\\vendor\\laravel\\framework\\src\\Illuminate\\Pipeline\\Pipeline.php(167): Illuminate\\Cookie\\Middleware\\AddQueuedCookiesToResponse->handle(Object(Illuminate\\Http\\Request), Object(Closure))
#26 C:\\Users\\loc_m\\Documents\\GitHub\\CNPM-Restaurant\\source_code\\vendor\\laravel\\framework\\src\\Illuminate\\Cookie\\Middleware\\EncryptCookies.php(67): Illuminate\\Pipeline\\Pipeline->Illuminate\\Pipeline\\{closure}(Object(Illuminate\\Http\\Request))
#27 C:\\Users\\loc_m\\Documents\\GitHub\\CNPM-Restaurant\\source_code\\vendor\\laravel\\framework\\src\\Illuminate\\Pipeline\\Pipeline.php(167): Illuminate\\Cookie\\Middleware\\EncryptCookies->handle(Object(Illuminate\\Http\\Request), Object(Closure))
#28 C:\\Users\\loc_m\\Documents\\GitHub\\CNPM-Restaurant\\source_code\\vendor\\laravel\\framework\\src\\Illuminate\\Pipeline\\Pipeline.php(103): Illuminate\\Pipeline\\Pipeline->Illuminate\\Pipeline\\{closure}(Object(Illuminate\\Http\\Request))
#29 C:\\Users\\loc_m\\Documents\\GitHub\\CNPM-Restaurant\\source_code\\vendor\\laravel\\framework\\src\\Illuminate\\Routing\\Router.php(687): Illuminate\\Pipeline\\Pipeline->then(Object(Closure))
#30 C:\\Users\\loc_m\\Documents\\GitHub\\CNPM-Restaurant\\source_code\\vendor\\laravel\\framework\\src\\Illuminate\\Routing\\Router.php(662): Illuminate\\Routing\\Router->runRouteWithinStack(Object(Illuminate\\Routing\\Route), Object(Illuminate\\Http\\Request))
#31 C:\\Users\\loc_m\\Documents\\GitHub\\CNPM-Restaurant\\source_code\\vendor\\laravel\\framework\\src\\Illuminate\\Routing\\Router.php(628): Illuminate\\Routing\\Router->runRoute(Object(Illuminate\\Http\\Request), Object(Illuminate\\Routing\\Route))
#32 C:\\Users\\loc_m\\Documents\\GitHub\\CNPM-Restaurant\\source_code\\vendor\\laravel\\framework\\src\\Illuminate\\Routing\\Router.php(617): Illuminate\\Routing\\Router->dispatchToRoute(Object(Illuminate\\Http\\Request))
#33 C:\\Users\\loc_m\\Documents\\GitHub\\CNPM-Restaurant\\source_code\\vendor\\laravel\\framework\\src\\Illuminate\\Foundation\\Http\\Kernel.php(165): Illuminate\\Routing\\Router->dispatch(Object(Illuminate\\Http\\Request))
#34 C:\\Users\\loc_m\\Documents\\GitHub\\CNPM-Restaurant\\source_code\\vendor\\laravel\\framework\\src\\Illuminate\\Pipeline\\Pipeline.php(128): Illuminate\\Foundation\\Http\\Kernel->Illuminate\\Foundation\\Http\\{closure}(Object(Illuminate\\Http\\Request))
#35 C:\\Users\\loc_m\\Documents\\GitHub\\CNPM-Restaurant\\source_code\\vendor\\laravel\\framework\\src\\Illuminate\\Foundation\\Http\\Middleware\\TransformsRequest.php(21): Illuminate\\Pipeline\\Pipeline->Illuminate\\Pipeline\\{closure}(Object(Illuminate\\Http\\Request))
#36 C:\\Users\\loc_m\\Documents\\GitHub\\CNPM-Restaurant\\source_code\\vendor\\laravel\\framework\\src\\Illuminate\\Pipeline\\Pipeline.php(167): Illuminate\\Foundation\\Http\\Middleware\\TransformsRequest->handle(Object(Illuminate\\Http\\Request), Object(Closure))
#37 C:\\Users\\loc_m\\Documents\\GitHub\\CNPM-Restaurant\\source_code\\vendor\\laravel\\framework\\src\\Illuminate\\Foundation\\Http\\Middleware\\TransformsRequest.php(21): Illuminate\\Pipeline\\Pipeline->Illuminate\\Pipeline\\{closure}(Object(Illuminate\\Http\\Request))
#38 C:\\Users\\loc_m\\Documents\\GitHub\\CNPM-Restaurant\\source_code\\vendor\\laravel\\framework\\src\\Illuminate\\Pipeline\\Pipeline.php(167): Illuminate\\Foundation\\Http\\Middleware\\TransformsRequest->handle(Object(Illuminate\\Http\\Request), Object(Closure))
#39 C:\\Users\\loc_m\\Documents\\GitHub\\CNPM-Restaurant\\source_code\\vendor\\laravel\\framework\\src\\Illuminate\\Foundation\\Http\\Middleware\\ValidatePostSize.php(27): Illuminate\\Pipeline\\Pipeline->Illuminate\\Pipeline\\{closure}(Object(Illuminate\\Http\\Request))
#40 C:\\Users\\loc_m\\Documents\\GitHub\\CNPM-Restaurant\\source_code\\vendor\\laravel\\framework\\src\\Illuminate\\Pipeline\\Pipeline.php(167): Illuminate\\Foundation\\Http\\Middleware\\ValidatePostSize->handle(Object(Illuminate\\Http\\Request), Object(Closure))
#41 C:\\Users\\loc_m\\Documents\\GitHub\\CNPM-Restaurant\\source_code\\vendor\\laravel\\framework\\src\\Illuminate\\Foundation\\Http\\Middleware\\CheckForMaintenanceMode.php(63): Illuminate\\Pipeline\\Pipeline->Illuminate\\Pipeline\\{closure}(Object(Illuminate\\Http\\Request))
#42 C:\\Users\\loc_m\\Documents\\GitHub\\CNPM-Restaurant\\source_code\\vendor\\laravel\\framework\\src\\Illuminate\\Pipeline\\Pipeline.php(167): Illuminate\\Foundation\\Http\\Middleware\\CheckForMaintenanceMode->handle(Object(Illuminate\\Http\\Request), Object(Closure))
#43 C:\\Users\\loc_m\\Documents\\GitHub\\CNPM-Restaurant\\source_code\\vendor\\fruitcake\\laravel-cors\\src\\HandleCors.php(38): Illuminate\\Pipeline\\Pipeline->Illuminate\\Pipeline\\{closure}(Object(Illuminate\\Http\\Request))
#44 C:\\Users\\loc_m\\Documents\\GitHub\\CNPM-Restaurant\\source_code\\vendor\\laravel\\framework\\src\\Illuminate\\Pipeline\\Pipeline.php(167): Fruitcake\\Cors\\HandleCors->handle(Object(Illuminate\\Http\\Request), Object(Closure))
#45 C:\\Users\\loc_m\\Documents\\GitHub\\CNPM-Restaurant\\source_code\\vendor\\fideloper\\proxy\\src\\TrustProxies.php(57): Illuminate\\Pipeline\\Pipeline->Illuminate\\Pipeline\\{closure}(Object(Illuminate\\Http\\Request))
#46 C:\\Users\\loc_m\\Documents\\GitHub\\CNPM-Restaurant\\source_code\\vendor\\laravel\\framework\\src\\Illuminate\\Pipeline\\Pipeline.php(167): Fideloper\\Proxy\\TrustProxies->handle(Object(Illuminate\\Http\\Request), Object(Closure))
#47 C:\\Users\\loc_m\\Documents\\GitHub\\CNPM-Restaurant\\source_code\\vendor\\laravel\\framework\\src\\Illuminate\\Pipeline\\Pipeline.php(103): Illuminate\\Pipeline\\Pipeline->Illuminate\\Pipeline\\{closure}(Object(Illuminate\\Http\\Request))
#48 C:\\Users\\loc_m\\Documents\\GitHub\\CNPM-Restaurant\\source_code\\vendor\\laravel\\framework\\src\\Illuminate\\Foundation\\Http\\Kernel.php(140): Illuminate\\Pipeline\\Pipeline->then(Object(Closure))
#49 C:\\Users\\loc_m\\Documents\\GitHub\\CNPM-Restaurant\\source_code\\vendor\\laravel\\framework\\src\\Illuminate\\Foundation\\Http\\Kernel.php(109): Illuminate\\Foundation\\Http\\Kernel->sendRequestThroughRouter(Object(Illuminate\\Http\\Request))
#50 C:\\Users\\loc_m\\Documents\\GitHub\\CNPM-Restaurant\\source_code\\public\\index.php(55): Illuminate\\Foundation\\Http\\Kernel->handle(Object(Illuminate\\Http\\Request))
#51 C:\\Users\\loc_m\\Documents\\GitHub\\CNPM-Restaurant\\source_code\\server.php(19): require_once('C:\\\\Users\\\\loc_m\\\\...')
#52 {main}

[previous exception] [object] (InvalidArgumentException(code: 0): View [layouts.paritals.nav] not found. at C:\\Users\\loc_m\\Documents\\GitHub\\CNPM-Restaurant\\source_code\\vendor\\laravel\\framework\\src\\Illuminate\\View\\FileViewFinder.php:137)
[stacktrace]
#0 C:\\Users\\loc_m\\Documents\\GitHub\\CNPM-Restaurant\\source_code\\vendor\\laravel\\framework\\src\\Illuminate\\View\\FileViewFinder.php(79): Illuminate\\View\\FileViewFinder->findInPaths('layouts.parital...', Array)
#1 C:\\Users\\loc_m\\Documents\\GitHub\\CNPM-Restaurant\\source_code\\vendor\\laravel\\framework\\src\\Illuminate\\View\\Factory.php(138): Illuminate\\View\\FileViewFinder->find('layouts.parital...')
#2 C:\\Users\\loc_m\\Documents\\GitHub\\CNPM-Restaurant\\source_code\\storage\\framework\\views\\e1a569bedabd4e25e729725bf022f9640a00e5e2.php(14): Illuminate\\View\\Factory->make('layouts.parital...', Array)
#3 C:\\Users\\loc_m\\Documents\\GitHub\\CNPM-Restaurant\\source_code\\vendor\\laravel\\framework\\src\\Illuminate\\View\\Engines\\PhpEngine.php(41): include('C:\\\\Users\\\\loc_m\\\\...')
#4 C:\\Users\\loc_m\\Documents\\GitHub\\CNPM-Restaurant\\source_code\\vendor\\laravel\\framework\\src\\Illuminate\\View\\Engines\\CompilerEngine.php(57): Illuminate\\View\\Engines\\PhpEngine->evaluatePath('C:\\\\Users\\\\loc_m\\\\...', Array)
#5 C:\\Users\\loc_m\\Documents\\GitHub\\CNPM-Restaurant\\source_code\\vendor\\facade\\ignition\\src\\Views\\Engines\\CompilerEngine.php(37): Illuminate\\View\\Engines\\CompilerEngine->get('C:\\\\Users\\\\loc_m\\\\...', Array)
#6 C:\\Users\\loc_m\\Documents\\GitHub\\CNPM-Restaurant\\source_code\\vendor\\laravel\\framework\\src\\Illuminate\\View\\View.php(139): Facade\\Ignition\\Views\\Engines\\CompilerEngine->get('C:\\\\Users\\\\loc_m\\\\...', Array)
#7 C:\\Users\\loc_m\\Documents\\GitHub\\CNPM-Restaurant\\source_code\\vendor\\laravel\\framework\\src\\Illuminate\\View\\View.php(122): Illuminate\\View\\View->getContents()
#8 C:\\Users\\loc_m\\Documents\\GitHub\\CNPM-Restaurant\\source_code\\vendor\\laravel\\framework\\src\\Illuminate\\View\\View.php(91): Illuminate\\View\\View->renderContents()
#9 C:\\Users\\loc_m\\Documents\\GitHub\\CNPM-Restaurant\\source_code\\vendor\\laravel\\framework\\src\\Illuminate\\Http\\Response.php(62): Illuminate\\View\\View->render()
#10 C:\\Users\\loc_m\\Documents\\GitHub\\CNPM-Restaurant\\source_code\\vendor\\laravel\\framework\\src\\Illuminate\\Http\\Response.php(34): Illuminate\\Http\\Response->setContent(Object(Illuminate\\View\\View))
#11 C:\\Users\\loc_m\\Documents\\GitHub\\CNPM-Restaurant\\source_code\\vendor\\laravel\\framework\\src\\Illuminate\\Routing\\Router.php(759): Illuminate\\Http\\Response->__construct(Object(Illuminate\\View\\View), 200, Array)
#12 C:\\Users\\loc_m\\Documents\\GitHub\\CNPM-Restaurant\\source_code\\vendor\\laravel\\framework\\src\\Illuminate\\Routing\\Router.php(731): Illuminate\\Routing\\Router::toResponse(Object(Illuminate\\Http\\Request), Object(Illuminate\\View\\View))
#13 C:\\Users\\loc_m\\Documents\\GitHub\\CNPM-Restaurant\\source_code\\vendor\\laravel\\framework\\src\\Illuminate\\Routing\\Router.php(685): Illuminate\\Routing\\Router->prepareResponse(Object(Illuminate\\Http\\Request), Object(Illuminate\\View\\View))
#14 C:\\Users\\loc_m\\Documents\\GitHub\\CNPM-Restaurant\\source_code\\vendor\\laravel\\framework\\src\\Illuminate\\Pipeline\\Pipeline.php(128): Illuminate\\Routing\\Router->Illuminate\\Routing\\{closure}(Object(Illuminate\\Http\\Request))
#15 C:\\Users\\loc_m\\Documents\\GitHub\\CNPM-Restaurant\\source_code\\vendor\\laravel\\framework\\src\\Illuminate\\Routing\\Middleware\\SubstituteBindings.php(41): Illuminate\\Pipeline\\Pipeline->Illuminate\\Pipeline\\{closure}(Object(Illuminate\\Http\\Request))
#16 C:\\Users\\loc_m\\Documents\\GitHub\\CNPM-Restaurant\\source_code\\vendor\\laravel\\framework\\src\\Illuminate\\Pipeline\\Pipeline.php(167): Illuminate\\Routing\\Middleware\\SubstituteBindings->handle(Object(Illuminate\\Http\\Request), Object(Closure))
#17 C:\\Users\\loc_m\\Documents\\GitHub\\CNPM-Restaurant\\source_code\\vendor\\laravel\\framework\\src\\Illuminate\\Foundation\\Http\\Middleware\\VerifyCsrfToken.php(78): Illuminate\\Pipeline\\Pipeline->Illuminate\\Pipeline\\{closure}(Object(Illuminate\\Http\\Request))
#18 C:\\Users\\loc_m\\Documents\\GitHub\\CNPM-Restaurant\\source_code\\vendor\\laravel\\framework\\src\\Illuminate\\Pipeline\\Pipeline.php(167): Illuminate\\Foundation\\Http\\Middleware\\VerifyCsrfToken->handle(Object(Illuminate\\Http\\Request), Object(Closure))
#19 C:\\Users\\loc_m\\Documents\\GitHub\\CNPM-Restaurant\\source_code\\vendor\\laravel\\framework\\src\\Illuminate\\View\\Middleware\\ShareErrorsFromSession.php(49): Illuminate\\Pipeline\\Pipeline->Illuminate\\Pipeline\\{closure}(Object(Illuminate\\Http\\Request))
#20 C:\\Users\\loc_m\\Documents\\GitHub\\CNPM-Restaurant\\source_code\\vendor\\laravel\\framework\\src\\Illuminate\\Pipeline\\Pipeline.php(167): Illuminate\\View\\Middleware\\ShareErrorsFromSession->handle(Object(Illuminate\\Http\\Request), Object(Closure))
#21 C:\\Users\\loc_m\\Documents\\GitHub\\CNPM-Restaurant\\source_code\\vendor\\laravel\\framework\\src\\Illuminate\\Session\\Middleware\\StartSession.php(116): Illuminate\\Pipeline\\Pipeline->Illuminate\\Pipeline\\{closure}(Object(Illuminate\\Http\\Request))
#22 C:\\Users\\loc_m\\Documents\\GitHub\\CNPM-Restaurant\\source_code\\vendor\\laravel\\framework\\src\\Illuminate\\Session\\Middleware\\StartSession.php(62): Illuminate\\Session\\Middleware\\StartSession->handleStatefulRequest(Object(Illuminate\\Http\\Request), Object(Illuminate\\Session\\Store), Object(Closure))
#23 C:\\Users\\loc_m\\Documents\\GitHub\\CNPM-Restaurant\\source_code\\vendor\\laravel\\framework\\src\\Illuminate\\Pipeline\\Pipeline.php(167): Illuminate\\Session\\Middleware\\StartSession->handle(Object(Illuminate\\Http\\Request), Object(Closure))
#24 C:\\Users\\loc_m\\Documents\\GitHub\\CNPM-Restaurant\\source_code\\vendor\\laravel\\framework\\src\\Illuminate\\Cookie\\Middleware\\AddQueuedCookiesToResponse.php(37): Illuminate\\Pipeline\\Pipeline->Illuminate\\Pipeline\\{closure}(Object(Illuminate\\Http\\Request))
#25 C:\\Users\\loc_m\\Documents\\GitHub\\CNPM-Restaurant\\source_code\\vendor\\laravel\\framework\\src\\Illuminate\\Pipeline\\Pipeline.php(167): Illuminate\\Cookie\\Middleware\\AddQueuedCookiesToResponse->handle(Object(Illuminate\\Http\\Request), Object(Closure))
#26 C:\\Users\\loc_m\\Documents\\GitHub\\CNPM-Restaurant\\source_code\\vendor\\laravel\\framework\\src\\Illuminate\\Cookie\\Middleware\\EncryptCookies.php(67): Illuminate\\Pipeline\\Pipeline->Illuminate\\Pipeline\\{closure}(Object(Illuminate\\Http\\Request))
#27 C:\\Users\\loc_m\\Documents\\GitHub\\CNPM-Restaurant\\source_code\\vendor\\laravel\\framework\\src\\Illuminate\\Pipeline\\Pipeline.php(167): Illuminate\\Cookie\\Middleware\\EncryptCookies->handle(Object(Illuminate\\Http\\Request), Object(Closure))
#28 C:\\Users\\loc_m\\Documents\\GitHub\\CNPM-Restaurant\\source_code\\vendor\\laravel\\framework\\src\\Illuminate\\Pipeline\\Pipeline.php(103): Illuminate\\Pipeline\\Pipeline->Illuminate\\Pipeline\\{closure}(Object(Illuminate\\Http\\Request))
#29 C:\\Users\\loc_m\\Documents\\GitHub\\CNPM-Restaurant\\source_code\\vendor\\laravel\\framework\\src\\Illuminate\\Routing\\Router.php(687): Illuminate\\Pipeline\\Pipeline->then(Object(Closure))
#30 C:\\Users\\loc_m\\Documents\\GitHub\\CNPM-Restaurant\\source_code\\vendor\\laravel\\framework\\src\\Illuminate\\Routing\\Router.php(662): Illuminate\\Routing\\Router->runRouteWithinStack(Object(Illuminate\\Routing\\Route), Object(Illuminate\\Http\\Request))
#31 C:\\Users\\loc_m\\Documents\\GitHub\\CNPM-Restaurant\\source_code\\vendor\\laravel\\framework\\src\\Illuminate\\Routing\\Router.php(628): Illuminate\\Routing\\Router->runRoute(Object(Illuminate\\Http\\Request), Object(Illuminate\\Routing\\Route))
#32 C:\\Users\\loc_m\\Documents\\GitHub\\CNPM-Restaurant\\source_code\\vendor\\laravel\\framework\\src\\Illuminate\\Routing\\Router.php(617): Illuminate\\Routing\\Router->dispatchToRoute(Object(Illuminate\\Http\\Request))
#33 C:\\Users\\loc_m\\Documents\\GitHub\\CNPM-Restaurant\\source_code\\vendor\\laravel\\framework\\src\\Illuminate\\Foundation\\Http\\Kernel.php(165): Illuminate\\Routing\\Router->dispatch(Object(Illuminate\\Http\\Request))
#34 C:\\Users\\loc_m\\Documents\\GitHub\\CNPM-Restaurant\\source_code\\vendor\\laravel\\framework\\src\\Illuminate\\Pipeline\\Pipeline.php(128): Illuminate\\Foundation\\Http\\Kernel->Illuminate\\Foundation\\Http\\{closure}(Object(Illuminate\\Http\\Request))
#35 C:\\Users\\loc_m\\Documents\\GitHub\\CNPM-Restaurant\\source_code\\vendor\\laravel\\framework\\src\\Illuminate\\Foundation\\Http\\Middleware\\TransformsRequest.php(21): Illuminate\\Pipeline\\Pipeline->Illuminate\\Pipeline\\{closure}(Object(Illuminate\\Http\\Request))
#36 C:\\Users\\loc_m\\Documents\\GitHub\\CNPM-Restaurant\\source_code\\vendor\\laravel\\framework\\src\\Illuminate\\Pipeline\\Pipeline.php(167): Illuminate\\Foundation\\Http\\Middleware\\TransformsRequest->handle(Object(Illuminate\\Http\\Request), Object(Closure))
#37 C:\\Users\\loc_m\\Documents\\GitHub\\CNPM-Restaurant\\source_code\\vendor\\laravel\\framework\\src\\Illuminate\\Foundation\\Http\\Middleware\\TransformsRequest.php(21): Illuminate\\Pipeline\\Pipeline->Illuminate\\Pipeline\\{closure}(Object(Illuminate\\Http\\Request))
#38 C:\\Users\\loc_m\\Documents\\GitHub\\CNPM-Restaurant\\source_code\\vendor\\laravel\\framework\\src\\Illuminate\\Pipeline\\Pipeline.php(167): Illuminate\\Foundation\\Http\\Middleware\\TransformsRequest->handle(Object(Illuminate\\Http\\Request), Object(Closure))
#39 C:\\Users\\loc_m\\Documents\\GitHub\\CNPM-Restaurant\\source_code\\vendor\\laravel\\framework\\src\\Illuminate\\Foundation\\Http\\Middleware\\ValidatePostSize.php(27): Illuminate\\Pipeline\\Pipeline->Illuminate\\Pipeline\\{closure}(Object(Illuminate\\Http\\Request))
#40 C:\\Users\\loc_m\\Documents\\GitHub\\CNPM-Restaurant\\source_code\\vendor\\laravel\\framework\\src\\Illuminate\\Pipeline\\Pipeline.php(167): Illuminate\\Foundation\\Http\\Middleware\\ValidatePostSize->handle(Object(Illuminate\\Http\\Request), Object(Closure))
#41 C:\\Users\\loc_m\\Documents\\GitHub\\CNPM-Restaurant\\source_code\\vendor\\laravel\\framework\\src\\Illuminate\\Foundation\\Http\\Middleware\\CheckForMaintenanceMode.php(63): Illuminate\\Pipeline\\Pipeline->Illuminate\\Pipeline\\{closure}(Object(Illuminate\\Http\\Request))
#42 C:\\Users\\loc_m\\Documents\\GitHub\\CNPM-Restaurant\\source_code\\vendor\\laravel\\framework\\src\\Illuminate\\Pipeline\\Pipeline.php(167): Illuminate\\Foundation\\Http\\Middleware\\CheckForMaintenanceMode->handle(Object(Illuminate\\Http\\Request), Object(Closure))
#43 C:\\Users\\loc_m\\Documents\\GitHub\\CNPM-Restaurant\\source_code\\vendor\\fruitcake\\laravel-cors\\src\\HandleCors.php(38): Illuminate\\Pipeline\\Pipeline->Illuminate\\Pipeline\\{closure}(Object(Illuminate\\Http\\Request))
#44 C:\\Users\\loc_m\\Documents\\GitHub\\CNPM-Restaurant\\source_code\\vendor\\laravel\\framework\\src\\Illuminate\\Pipeline\\Pipeline.php(167): Fruitcake\\Cors\\HandleCors->handle(Object(Illuminate\\Http\\Request), Object(Closure))
#45 C:\\Users\\loc_m\\Documents\\GitHub\\CNPM-Restaurant\\source_code\\vendor\\fideloper\\proxy\\src\\TrustProxies.php(57): Illuminate\\Pipeline\\Pipeline->Illuminate\\Pipeline\\{closure}(Object(Illuminate\\Http\\Request))
#46 C:\\Users\\loc_m\\Documents\\GitHub\\CNPM-Restaurant\\source_code\\vendor\\laravel\\framework\\src\\Illuminate\\Pipeline\\Pipeline.php(167): Fideloper\\Proxy\\TrustProxies->handle(Object(Illuminate\\Http\\Request), Object(Closure))
#47 C:\\Users\\loc_m\\Documents\\GitHub\\CNPM-Restaurant\\source_code\\vendor\\laravel\\framework\\src\\Illuminate\\Pipeline\\Pipeline.php(103): Illuminate\\Pipeline\\Pipeline->Illuminate\\Pipeline\\{closure}(Object(Illuminate\\Http\\Request))
#48 C:\\Users\\loc_m\\Documents\\GitHub\\CNPM-Restaurant\\source_code\\vendor\\laravel\\framework\\src\\Illuminate\\Foundation\\Http\\Kernel.php(140): Illuminate\\Pipeline\\Pipeline->then(Object(Closure))
#49 C:\\Users\\loc_m\\Documents\\GitHub\\CNPM-Restaurant\\source_code\\vendor\\laravel\\framework\\src\\Illuminate\\Foundation\\Http\\Kernel.php(109): Illuminate\\Foundation\\Http\\Kernel->sendRequestThroughRouter(Object(Illuminate\\Http\\Request))
#50 C:\\Users\\loc_m\\Documents\\GitHub\\CNPM-Restaurant\\source_code\\public\\index.php(55): Illuminate\\Foundation\\Http\\Kernel->handle(Object(Illuminate\\Http\\Request))
#51 C:\\Users\\loc_m\\Documents\\GitHub\\CNPM-Restaurant\\source_code\\server.php(19): require_once('C:\\\\Users\\\\loc_m\\\\...')
#52 {main}
"} 
[2021-11-21 12:38:40] local.ERROR: syntax error, unexpected token "(", expecting variable or "{" or "$" (View: C:\Users\loc_m\Documents\GitHub\CNPM-Restaurant\source_code\resources\views\layouts\partials\nav.blade.php) {"exception":"[object] (Facade\\Ignition\\Exceptions\\ViewException(code: 0): syntax error, unexpected token \"(\", expecting variable or \"{\" or \"$\" (View: C:\\Users\\loc_m\\Documents\\GitHub\\CNPM-Restaurant\\source_code\esources\\views\\layouts\\partials\
av.blade.php) at C:\\Users\\loc_m\\Documents\\GitHub\\CNPM-Restaurant\\source_code\esources\\views/layouts/partials/nav.blade.php:89)
[stacktrace]
#0 C:\\Users\\loc_m\\Documents\\GitHub\\CNPM-Restaurant\\source_code\\vendor\\laravel\\framework\\src\\Illuminate\\View\\Engines\\CompilerEngine.php(57): Illuminate\\View\\Engines\\PhpEngine->evaluatePath('C:\\\\Users\\\\loc_m\\\\...', Array)
#1 C:\\Users\\loc_m\\Documents\\GitHub\\CNPM-Restaurant\\source_code\\vendor\\facade\\ignition\\src\\Views\\Engines\\CompilerEngine.php(37): Illuminate\\View\\Engines\\CompilerEngine->get('C:\\\\Users\\\\loc_m\\\\...', Array)
#2 C:\\Users\\loc_m\\Documents\\GitHub\\CNPM-Restaurant\\source_code\\vendor\\laravel\\framework\\src\\Illuminate\\View\\View.php(139): Facade\\Ignition\\Views\\Engines\\CompilerEngine->get('C:\\\\Users\\\\loc_m\\\\...', Array)
#3 C:\\Users\\loc_m\\Documents\\GitHub\\CNPM-Restaurant\\source_code\\vendor\\laravel\\framework\\src\\Illuminate\\View\\View.php(122): Illuminate\\View\\View->getContents()
#4 C:\\Users\\loc_m\\Documents\\GitHub\\CNPM-Restaurant\\source_code\\vendor\\laravel\\framework\\src\\Illuminate\\View\\View.php(91): Illuminate\\View\\View->renderContents()
#5 C:\\Users\\loc_m\\Documents\\GitHub\\CNPM-Restaurant\\source_code\esources\\views/index.blade.php(8): Illuminate\\View\\View->render()
#6 C:\\Users\\loc_m\\Documents\\GitHub\\CNPM-Restaurant\\source_code\\vendor\\laravel\\framework\\src\\Illuminate\\View\\Engines\\PhpEngine.php(41): include('C:\\\\Users\\\\loc_m\\\\...')
#7 C:\\Users\\loc_m\\Documents\\GitHub\\CNPM-Restaurant\\source_code\\vendor\\laravel\\framework\\src\\Illuminate\\View\\Engines\\CompilerEngine.php(57): Illuminate\\View\\Engines\\PhpEngine->evaluatePath('C:\\\\Users\\\\loc_m\\\\...', Array)
#8 C:\\Users\\loc_m\\Documents\\GitHub\\CNPM-Restaurant\\source_code\\vendor\\facade\\ignition\\src\\Views\\Engines\\CompilerEngine.php(37): Illuminate\\View\\Engines\\CompilerEngine->get('C:\\\\Users\\\\loc_m\\\\...', Array)
#9 C:\\Users\\loc_m\\Documents\\GitHub\\CNPM-Restaurant\\source_code\\vendor\\laravel\\framework\\src\\Illuminate\\View\\View.php(139): Facade\\Ignition\\Views\\Engines\\CompilerEngine->get('C:\\\\Users\\\\loc_m\\\\...', Array)
#10 C:\\Users\\loc_m\\Documents\\GitHub\\CNPM-Restaurant\\source_code\\vendor\\laravel\\framework\\src\\Illuminate\\View\\View.php(122): Illuminate\\View\\View->getContents()
#11 C:\\Users\\loc_m\\Documents\\GitHub\\CNPM-Restaurant\\source_code\\vendor\\laravel\\framework\\src\\Illuminate\\View\\View.php(91): Illuminate\\View\\View->renderContents()
#12 C:\\Users\\loc_m\\Documents\\GitHub\\CNPM-Restaurant\\source_code\\vendor\\laravel\\framework\\src\\Illuminate\\Http\\Response.php(62): Illuminate\\View\\View->render()
#13 C:\\Users\\loc_m\\Documents\\GitHub\\CNPM-Restaurant\\source_code\\vendor\\laravel\\framework\\src\\Illuminate\\Http\\Response.php(34): Illuminate\\Http\\Response->setContent(Object(Illuminate\\View\\View))
#14 C:\\Users\\loc_m\\Documents\\GitHub\\CNPM-Restaurant\\source_code\\vendor\\laravel\\framework\\src\\Illuminate\\Routing\\Router.php(759): Illuminate\\Http\\Response->__construct(Object(Illuminate\\View\\View), 200, Array)
#15 C:\\Users\\loc_m\\Documents\\GitHub\\CNPM-Restaurant\\source_code\\vendor\\laravel\\framework\\src\\Illuminate\\Routing\\Router.php(731): Illuminate\\Routing\\Router::toResponse(Object(Illuminate\\Http\\Request), Object(Illuminate\\View\\View))
#16 C:\\Users\\loc_m\\Documents\\GitHub\\CNPM-Restaurant\\source_code\\vendor\\laravel\\framework\\src\\Illuminate\\Routing\\Router.php(685): Illuminate\\Routing\\Router->prepareResponse(Object(Illuminate\\Http\\Request), Object(Illuminate\\View\\View))
#17 C:\\Users\\loc_m\\Documents\\GitHub\\CNPM-Restaurant\\source_code\\vendor\\laravel\\framework\\src\\Illuminate\\Pipeline\\Pipeline.php(128): Illuminate\\Routing\\Router->Illuminate\\Routing\\{closure}(Object(Illuminate\\Http\\Request))
#18 C:\\Users\\loc_m\\Documents\\GitHub\\CNPM-Restaurant\\source_code\\vendor\\laravel\\framework\\src\\Illuminate\\Routing\\Middleware\\SubstituteBindings.php(41): Illuminate\\Pipeline\\Pipeline->Illuminate\\Pipeline\\{closure}(Object(Illuminate\\Http\\Request))
#19 C:\\Users\\loc_m\\Documents\\GitHub\\CNPM-Restaurant\\source_code\\vendor\\laravel\\framework\\src\\Illuminate\\Pipeline\\Pipeline.php(167): Illuminate\\Routing\\Middleware\\SubstituteBindings->handle(Object(Illuminate\\Http\\Request), Object(Closure))
#20 C:\\Users\\loc_m\\Documents\\GitHub\\CNPM-Restaurant\\source_code\\vendor\\laravel\\framework\\src\\Illuminate\\Foundation\\Http\\Middleware\\VerifyCsrfToken.php(78): Illuminate\\Pipeline\\Pipeline->Illuminate\\Pipeline\\{closure}(Object(Illuminate\\Http\\Request))
#21 C:\\Users\\loc_m\\Documents\\GitHub\\CNPM-Restaurant\\source_code\\vendor\\laravel\\framework\\src\\Illuminate\\Pipeline\\Pipeline.php(167): Illuminate\\Foundation\\Http\\Middleware\\VerifyCsrfToken->handle(Object(Illuminate\\Http\\Request), Object(Closure))
#22 C:\\Users\\loc_m\\Documents\\GitHub\\CNPM-Restaurant\\source_code\\vendor\\laravel\\framework\\src\\Illuminate\\View\\Middleware\\ShareErrorsFromSession.php(49): Illuminate\\Pipeline\\Pipeline->Illuminate\\Pipeline\\{closure}(Object(Illuminate\\Http\\Request))
#23 C:\\Users\\loc_m\\Documents\\GitHub\\CNPM-Restaurant\\source_code\\vendor\\laravel\\framework\\src\\Illuminate\\Pipeline\\Pipeline.php(167): Illuminate\\View\\Middleware\\ShareErrorsFromSession->handle(Object(Illuminate\\Http\\Request), Object(Closure))
#24 C:\\Users\\loc_m\\Documents\\GitHub\\CNPM-Restaurant\\source_code\\vendor\\laravel\\framework\\src\\Illuminate\\Session\\Middleware\\StartSession.php(116): Illuminate\\Pipeline\\Pipeline->Illuminate\\Pipeline\\{closure}(Object(Illuminate\\Http\\Request))
#25 C:\\Users\\loc_m\\Documents\\GitHub\\CNPM-Restaurant\\source_code\\vendor\\laravel\\framework\\src\\Illuminate\\Session\\Middleware\\StartSession.php(62): Illuminate\\Session\\Middleware\\StartSession->handleStatefulRequest(Object(Illuminate\\Http\\Request), Object(Illuminate\\Session\\Store), Object(Closure))
#26 C:\\Users\\loc_m\\Documents\\GitHub\\CNPM-Restaurant\\source_code\\vendor\\laravel\\framework\\src\\Illuminate\\Pipeline\\Pipeline.php(167): Illuminate\\Session\\Middleware\\StartSession->handle(Object(Illuminate\\Http\\Request), Object(Closure))
#27 C:\\Users\\loc_m\\Documents\\GitHub\\CNPM-Restaurant\\source_code\\vendor\\laravel\\framework\\src\\Illuminate\\Cookie\\Middleware\\AddQueuedCookiesToResponse.php(37): Illuminate\\Pipeline\\Pipeline->Illuminate\\Pipeline\\{closure}(Object(Illuminate\\Http\\Request))
#28 C:\\Users\\loc_m\\Documents\\GitHub\\CNPM-Restaurant\\source_code\\vendor\\laravel\\framework\\src\\Illuminate\\Pipeline\\Pipeline.php(167): Illuminate\\Cookie\\Middleware\\AddQueuedCookiesToResponse->handle(Object(Illuminate\\Http\\Request), Object(Closure))
#29 C:\\Users\\loc_m\\Documents\\GitHub\\CNPM-Restaurant\\source_code\\vendor\\laravel\\framework\\src\\Illuminate\\Cookie\\Middleware\\EncryptCookies.php(67): Illuminate\\Pipeline\\Pipeline->Illuminate\\Pipeline\\{closure}(Object(Illuminate\\Http\\Request))
#30 C:\\Users\\loc_m\\Documents\\GitHub\\CNPM-Restaurant\\source_code\\vendor\\laravel\\framework\\src\\Illuminate\\Pipeline\\Pipeline.php(167): Illuminate\\Cookie\\Middleware\\EncryptCookies->handle(Object(Illuminate\\Http\\Request), Object(Closure))
#31 C:\\Users\\loc_m\\Documents\\GitHub\\CNPM-Restaurant\\source_code\\vendor\\laravel\\framework\\src\\Illuminate\\Pipeline\\Pipeline.php(103): Illuminate\\Pipeline\\Pipeline->Illuminate\\Pipeline\\{closure}(Object(Illuminate\\Http\\Request))
#32 C:\\Users\\loc_m\\Documents\\GitHub\\CNPM-Restaurant\\source_code\\vendor\\laravel\\framework\\src\\Illuminate\\Routing\\Router.php(687): Illuminate\\Pipeline\\Pipeline->then(Object(Closure))
#33 C:\\Users\\loc_m\\Documents\\GitHub\\CNPM-Restaurant\\source_code\\vendor\\laravel\\framework\\src\\Illuminate\\Routing\\Router.php(662): Illuminate\\Routing\\Router->runRouteWithinStack(Object(Illuminate\\Routing\\Route), Object(Illuminate\\Http\\Request))
#34 C:\\Users\\loc_m\\Documents\\GitHub\\CNPM-Restaurant\\source_code\\vendor\\laravel\\framework\\src\\Illuminate\\Routing\\Router.php(628): Illuminate\\Routing\\Router->runRoute(Object(Illuminate\\Http\\Request), Object(Illuminate\\Routing\\Route))
#35 C:\\Users\\loc_m\\Documents\\GitHub\\CNPM-Restaurant\\source_code\\vendor\\laravel\\framework\\src\\Illuminate\\Routing\\Router.php(617): Illuminate\\Routing\\Router->dispatchToRoute(Object(Illuminate\\Http\\Request))
#36 C:\\Users\\loc_m\\Documents\\GitHub\\CNPM-Restaurant\\source_code\\vendor\\laravel\\framework\\src\\Illuminate\\Foundation\\Http\\Kernel.php(165): Illuminate\\Routing\\Router->dispatch(Object(Illuminate\\Http\\Request))
#37 C:\\Users\\loc_m\\Documents\\GitHub\\CNPM-Restaurant\\source_code\\vendor\\laravel\\framework\\src\\Illuminate\\Pipeline\\Pipeline.php(128): Illuminate\\Foundation\\Http\\Kernel->Illuminate\\Foundation\\Http\\{closure}(Object(Illuminate\\Http\\Request))
#38 C:\\Users\\loc_m\\Documents\\GitHub\\CNPM-Restaurant\\source_code\\vendor\\laravel\\framework\\src\\Illuminate\\Foundation\\Http\\Middleware\\TransformsRequest.php(21): Illuminate\\Pipeline\\Pipeline->Illuminate\\Pipeline\\{closure}(Object(Illuminate\\Http\\Request))
#39 C:\\Users\\loc_m\\Documents\\GitHub\\CNPM-Restaurant\\source_code\\vendor\\laravel\\framework\\src\\Illuminate\\Pipeline\\Pipeline.php(167): Illuminate\\Foundation\\Http\\Middleware\\TransformsRequest->handle(Object(Illuminate\\Http\\Request), Object(Closure))
#40 C:\\Users\\loc_m\\Documents\\GitHub\\CNPM-Restaurant\\source_code\\vendor\\laravel\\framework\\src\\Illuminate\\Foundation\\Http\\Middleware\\TransformsRequest.php(21): Illuminate\\Pipeline\\Pipeline->Illuminate\\Pipeline\\{closure}(Object(Illuminate\\Http\\Request))
#41 C:\\Users\\loc_m\\Documents\\GitHub\\CNPM-Restaurant\\source_code\\vendor\\laravel\\framework\\src\\Illuminate\\Pipeline\\Pipeline.php(167): Illuminate\\Foundation\\Http\\Middleware\\TransformsRequest->handle(Object(Illuminate\\Http\\Request), Object(Closure))
#42 C:\\Users\\loc_m\\Documents\\GitHub\\CNPM-Restaurant\\source_code\\vendor\\laravel\\framework\\src\\Illuminate\\Foundation\\Http\\Middleware\\ValidatePostSize.php(27): Illuminate\\Pipeline\\Pipeline->Illuminate\\Pipeline\\{closure}(Object(Illuminate\\Http\\Request))
#43 C:\\Users\\loc_m\\Documents\\GitHub\\CNPM-Restaurant\\source_code\\vendor\\laravel\\framework\\src\\Illuminate\\Pipeline\\Pipeline.php(167): Illuminate\\Foundation\\Http\\Middleware\\ValidatePostSize->handle(Object(Illuminate\\Http\\Request), Object(Closure))
#44 C:\\Users\\loc_m\\Documents\\GitHub\\CNPM-Restaurant\\source_code\\vendor\\laravel\\framework\\src\\Illuminate\\Foundation\\Http\\Middleware\\CheckForMaintenanceMode.php(63): Illuminate\\Pipeline\\Pipeline->Illuminate\\Pipeline\\{closure}(Object(Illuminate\\Http\\Request))
#45 C:\\Users\\loc_m\\Documents\\GitHub\\CNPM-Restaurant\\source_code\\vendor\\laravel\\framework\\src\\Illuminate\\Pipeline\\Pipeline.php(167): Illuminate\\Foundation\\Http\\Middleware\\CheckForMaintenanceMode->handle(Object(Illuminate\\Http\\Request), Object(Closure))
#46 C:\\Users\\loc_m\\Documents\\GitHub\\CNPM-Restaurant\\source_code\\vendor\\fruitcake\\laravel-cors\\src\\HandleCors.php(38): Illuminate\\Pipeline\\Pipeline->Illuminate\\Pipeline\\{closure}(Object(Illuminate\\Http\\Request))
#47 C:\\Users\\loc_m\\Documents\\GitHub\\CNPM-Restaurant\\source_code\\vendor\\laravel\\framework\\src\\Illuminate\\Pipeline\\Pipeline.php(167): Fruitcake\\Cors\\HandleCors->handle(Object(Illuminate\\Http\\Request), Object(Closure))
#48 C:\\Users\\loc_m\\Documents\\GitHub\\CNPM-Restaurant\\source_code\\vendor\\fideloper\\proxy\\src\\TrustProxies.php(57): Illuminate\\Pipeline\\Pipeline->Illuminate\\Pipeline\\{closure}(Object(Illuminate\\Http\\Request))
#49 C:\\Users\\loc_m\\Documents\\GitHub\\CNPM-Restaurant\\source_code\\vendor\\laravel\\framework\\src\\Illuminate\\Pipeline\\Pipeline.php(167): Fideloper\\Proxy\\TrustProxies->handle(Object(Illuminate\\Http\\Request), Object(Closure))
#50 C:\\Users\\loc_m\\Documents\\GitHub\\CNPM-Restaurant\\source_code\\vendor\\laravel\\framework\\src\\Illuminate\\Pipeline\\Pipeline.php(103): Illuminate\\Pipeline\\Pipeline->Illuminate\\Pipeline\\{closure}(Object(Illuminate\\Http\\Request))
#51 C:\\Users\\loc_m\\Documents\\GitHub\\CNPM-Restaurant\\source_code\\vendor\\laravel\\framework\\src\\Illuminate\\Foundation\\Http\\Kernel.php(140): Illuminate\\Pipeline\\Pipeline->then(Object(Closure))
#52 C:\\Users\\loc_m\\Documents\\GitHub\\CNPM-Restaurant\\source_code\\vendor\\laravel\\framework\\src\\Illuminate\\Foundation\\Http\\Kernel.php(109): Illuminate\\Foundation\\Http\\Kernel->sendRequestThroughRouter(Object(Illuminate\\Http\\Request))
#53 C:\\Users\\loc_m\\Documents\\GitHub\\CNPM-Restaurant\\source_code\\public\\index.php(55): Illuminate\\Foundation\\Http\\Kernel->handle(Object(Illuminate\\Http\\Request))
#54 C:\\Users\\loc_m\\Documents\\GitHub\\CNPM-Restaurant\\source_code\\server.php(19): require_once('C:\\\\Users\\\\loc_m\\\\...')
#55 {main}

[previous exception] [object] (ParseError(code: 0): syntax error, unexpected token \"(\", expecting variable or \"{\" or \"$\" at C:\\Users\\loc_m\\Documents\\GitHub\\CNPM-Restaurant\\source_code\\storage\\framework\\views\\fb2f6ed42b490c055416688ec17a6d50e222f38b.php:89)
[stacktrace]
#0 C:\\Users\\loc_m\\Documents\\GitHub\\CNPM-Restaurant\\source_code\\vendor\\laravel\\framework\\src\\Illuminate\\View\\Engines\\CompilerEngine.php(57): Illuminate\\View\\Engines\\PhpEngine->evaluatePath('C:\\\\Users\\\\loc_m\\\\...', Array)
#1 C:\\Users\\loc_m\\Documents\\GitHub\\CNPM-Restaurant\\source_code\\vendor\\facade\\ignition\\src\\Views\\Engines\\CompilerEngine.php(37): Illuminate\\View\\Engines\\CompilerEngine->get('C:\\\\Users\\\\loc_m\\\\...', Array)
#2 C:\\Users\\loc_m\\Documents\\GitHub\\CNPM-Restaurant\\source_code\\vendor\\laravel\\framework\\src\\Illuminate\\View\\View.php(139): Facade\\Ignition\\Views\\Engines\\CompilerEngine->get('C:\\\\Users\\\\loc_m\\\\...', Array)
#3 C:\\Users\\loc_m\\Documents\\GitHub\\CNPM-Restaurant\\source_code\\vendor\\laravel\\framework\\src\\Illuminate\\View\\View.php(122): Illuminate\\View\\View->getContents()
#4 C:\\Users\\loc_m\\Documents\\GitHub\\CNPM-Restaurant\\source_code\\vendor\\laravel\\framework\\src\\Illuminate\\View\\View.php(91): Illuminate\\View\\View->renderContents()
#5 C:\\Users\\loc_m\\Documents\\GitHub\\CNPM-Restaurant\\source_code\\storage\\framework\\views\\dadb428125b408cce59622feeaea04f56056862b.php(8): Illuminate\\View\\View->render()
#6 C:\\Users\\loc_m\\Documents\\GitHub\\CNPM-Restaurant\\source_code\\vendor\\laravel\\framework\\src\\Illuminate\\View\\Engines\\PhpEngine.php(41): include('C:\\\\Users\\\\loc_m\\\\...')
#7 C:\\Users\\loc_m\\Documents\\GitHub\\CNPM-Restaurant\\source_code\\vendor\\laravel\\framework\\src\\Illuminate\\View\\Engines\\CompilerEngine.php(57): Illuminate\\View\\Engines\\PhpEngine->evaluatePath('C:\\\\Users\\\\loc_m\\\\...', Array)
#8 C:\\Users\\loc_m\\Documents\\GitHub\\CNPM-Restaurant\\source_code\\vendor\\facade\\ignition\\src\\Views\\Engines\\CompilerEngine.php(37): Illuminate\\View\\Engines\\CompilerEngine->get('C:\\\\Users\\\\loc_m\\\\...', Array)
#9 C:\\Users\\loc_m\\Documents\\GitHub\\CNPM-Restaurant\\source_code\\vendor\\laravel\\framework\\src\\Illuminate\\View\\View.php(139): Facade\\Ignition\\Views\\Engines\\CompilerEngine->get('C:\\\\Users\\\\loc_m\\\\...', Array)
#10 C:\\Users\\loc_m\\Documents\\GitHub\\CNPM-Restaurant\\source_code\\vendor\\laravel\\framework\\src\\Illuminate\\View\\View.php(122): Illuminate\\View\\View->getContents()
#11 C:\\Users\\loc_m\\Documents\\GitHub\\CNPM-Restaurant\\source_code\\vendor\\laravel\\framework\\src\\Illuminate\\View\\View.php(91): Illuminate\\View\\View->renderContents()
#12 C:\\Users\\loc_m\\Documents\\GitHub\\CNPM-Restaurant\\source_code\\vendor\\laravel\\framework\\src\\Illuminate\\Http\\Response.php(62): Illuminate\\View\\View->render()
#13 C:\\Users\\loc_m\\Documents\\GitHub\\CNPM-Restaurant\\source_code\\vendor\\laravel\\framework\\src\\Illuminate\\Http\\Response.php(34): Illuminate\\Http\\Response->setContent(Object(Illuminate\\View\\View))
#14 C:\\Users\\loc_m\\Documents\\GitHub\\CNPM-Restaurant\\source_code\\vendor\\laravel\\framework\\src\\Illuminate\\Routing\\Router.php(759): Illuminate\\Http\\Response->__construct(Object(Illuminate\\View\\View), 200, Array)
#15 C:\\Users\\loc_m\\Documents\\GitHub\\CNPM-Restaurant\\source_code\\vendor\\laravel\\framework\\src\\Illuminate\\Routing\\Router.php(731): Illuminate\\Routing\\Router::toResponse(Object(Illuminate\\Http\\Request), Object(Illuminate\\View\\View))
#16 C:\\Users\\loc_m\\Documents\\GitHub\\CNPM-Restaurant\\source_code\\vendor\\laravel\\framework\\src\\Illuminate\\Routing\\Router.php(685): Illuminate\\Routing\\Router->prepareResponse(Object(Illuminate\\Http\\Request), Object(Illuminate\\View\\View))
#17 C:\\Users\\loc_m\\Documents\\GitHub\\CNPM-Restaurant\\source_code\\vendor\\laravel\\framework\\src\\Illuminate\\Pipeline\\Pipeline.php(128): Illuminate\\Routing\\Router->Illuminate\\Routing\\{closure}(Object(Illuminate\\Http\\Request))
#18 C:\\Users\\loc_m\\Documents\\GitHub\\CNPM-Restaurant\\source_code\\vendor\\laravel\\framework\\src\\Illuminate\\Routing\\Middleware\\SubstituteBindings.php(41): Illuminate\\Pipeline\\Pipeline->Illuminate\\Pipeline\\{closure}(Object(Illuminate\\Http\\Request))
#19 C:\\Users\\loc_m\\Documents\\GitHub\\CNPM-Restaurant\\source_code\\vendor\\laravel\\framework\\src\\Illuminate\\Pipeline\\Pipeline.php(167): Illuminate\\Routing\\Middleware\\SubstituteBindings->handle(Object(Illuminate\\Http\\Request), Object(Closure))
#20 C:\\Users\\loc_m\\Documents\\GitHub\\CNPM-Restaurant\\source_code\\vendor\\laravel\\framework\\src\\Illuminate\\Foundation\\Http\\Middleware\\VerifyCsrfToken.php(78): Illuminate\\Pipeline\\Pipeline->Illuminate\\Pipeline\\{closure}(Object(Illuminate\\Http\\Request))
#21 C:\\Users\\loc_m\\Documents\\GitHub\\CNPM-Restaurant\\source_code\\vendor\\laravel\\framework\\src\\Illuminate\\Pipeline\\Pipeline.php(167): Illuminate\\Foundation\\Http\\Middleware\\VerifyCsrfToken->handle(Object(Illuminate\\Http\\Request), Object(Closure))
#22 C:\\Users\\loc_m\\Documents\\GitHub\\CNPM-Restaurant\\source_code\\vendor\\laravel\\framework\\src\\Illuminate\\View\\Middleware\\ShareErrorsFromSession.php(49): Illuminate\\Pipeline\\Pipeline->Illuminate\\Pipeline\\{closure}(Object(Illuminate\\Http\\Request))
#23 C:\\Users\\loc_m\\Documents\\GitHub\\CNPM-Restaurant\\source_code\\vendor\\laravel\\framework\\src\\Illuminate\\Pipeline\\Pipeline.php(167): Illuminate\\View\\Middleware\\ShareErrorsFromSession->handle(Object(Illuminate\\Http\\Request), Object(Closure))
#24 C:\\Users\\loc_m\\Documents\\GitHub\\CNPM-Restaurant\\source_code\\vendor\\laravel\\framework\\src\\Illuminate\\Session\\Middleware\\StartSession.php(116): Illuminate\\Pipeline\\Pipeline->Illuminate\\Pipeline\\{closure}(Object(Illuminate\\Http\\Request))
#25 C:\\Users\\loc_m\\Documents\\GitHub\\CNPM-Restaurant\\source_code\\vendor\\laravel\\framework\\src\\Illuminate\\Session\\Middleware\\StartSession.php(62): Illuminate\\Session\\Middleware\\StartSession->handleStatefulRequest(Object(Illuminate\\Http\\Request), Object(Illuminate\\Session\\Store), Object(Closure))
#26 C:\\Users\\loc_m\\Documents\\GitHub\\CNPM-Restaurant\\source_code\\vendor\\laravel\\framework\\src\\Illuminate\\Pipeline\\Pipeline.php(167): Illuminate\\Session\\Middleware\\StartSession->handle(Object(Illuminate\\Http\\Request), Object(Closure))
#27 C:\\Users\\loc_m\\Documents\\GitHub\\CNPM-Restaurant\\source_code\\vendor\\laravel\\framework\\src\\Illuminate\\Cookie\\Middleware\\AddQueuedCookiesToResponse.php(37): Illuminate\\Pipeline\\Pipeline->Illuminate\\Pipeline\\{closure}(Object(Illuminate\\Http\\Request))
#28 C:\\Users\\loc_m\\Documents\\GitHub\\CNPM-Restaurant\\source_code\\vendor\\laravel\\framework\\src\\Illuminate\\Pipeline\\Pipeline.php(167): Illuminate\\Cookie\\Middleware\\AddQueuedCookiesToResponse->handle(Object(Illuminate\\Http\\Request), Object(Closure))
#29 C:\\Users\\loc_m\\Documents\\GitHub\\CNPM-Restaurant\\source_code\\vendor\\laravel\\framework\\src\\Illuminate\\Cookie\\Middleware\\EncryptCookies.php(67): Illuminate\\Pipeline\\Pipeline->Illuminate\\Pipeline\\{closure}(Object(Illuminate\\Http\\Request))
#30 C:\\Users\\loc_m\\Documents\\GitHub\\CNPM-Restaurant\\source_code\\vendor\\laravel\\framework\\src\\Illuminate\\Pipeline\\Pipeline.php(167): Illuminate\\Cookie\\Middleware\\EncryptCookies->handle(Object(Illuminate\\Http\\Request), Object(Closure))
#31 C:\\Users\\loc_m\\Documents\\GitHub\\CNPM-Restaurant\\source_code\\vendor\\laravel\\framework\\src\\Illuminate\\Pipeline\\Pipeline.php(103): Illuminate\\Pipeline\\Pipeline->Illuminate\\Pipeline\\{closure}(Object(Illuminate\\Http\\Request))
#32 C:\\Users\\loc_m\\Documents\\GitHub\\CNPM-Restaurant\\source_code\\vendor\\laravel\\framework\\src\\Illuminate\\Routing\\Router.php(687): Illuminate\\Pipeline\\Pipeline->then(Object(Closure))
#33 C:\\Users\\loc_m\\Documents\\GitHub\\CNPM-Restaurant\\source_code\\vendor\\laravel\\framework\\src\\Illuminate\\Routing\\Router.php(662): Illuminate\\Routing\\Router->runRouteWithinStack(Object(Illuminate\\Routing\\Route), Object(Illuminate\\Http\\Request))
#34 C:\\Users\\loc_m\\Documents\\GitHub\\CNPM-Restaurant\\source_code\\vendor\\laravel\\framework\\src\\Illuminate\\Routing\\Router.php(628): Illuminate\\Routing\\Router->runRoute(Object(Illuminate\\Http\\Request), Object(Illuminate\\Routing\\Route))
#35 C:\\Users\\loc_m\\Documents\\GitHub\\CNPM-Restaurant\\source_code\\vendor\\laravel\\framework\\src\\Illuminate\\Routing\\Router.php(617): Illuminate\\Routing\\Router->dispatchToRoute(Object(Illuminate\\Http\\Request))
#36 C:\\Users\\loc_m\\Documents\\GitHub\\CNPM-Restaurant\\source_code\\vendor\\laravel\\framework\\src\\Illuminate\\Foundation\\Http\\Kernel.php(165): Illuminate\\Routing\\Router->dispatch(Object(Illuminate\\Http\\Request))
#37 C:\\Users\\loc_m\\Documents\\GitHub\\CNPM-Restaurant\\source_code\\vendor\\laravel\\framework\\src\\Illuminate\\Pipeline\\Pipeline.php(128): Illuminate\\Foundation\\Http\\Kernel->Illuminate\\Foundation\\Http\\{closure}(Object(Illuminate\\Http\\Request))
#38 C:\\Users\\loc_m\\Documents\\GitHub\\CNPM-Restaurant\\source_code\\vendor\\laravel\\framework\\src\\Illuminate\\Foundation\\Http\\Middleware\\TransformsRequest.php(21): Illuminate\\Pipeline\\Pipeline->Illuminate\\Pipeline\\{closure}(Object(Illuminate\\Http\\Request))
#39 C:\\Users\\loc_m\\Documents\\GitHub\\CNPM-Restaurant\\source_code\\vendor\\laravel\\framework\\src\\Illuminate\\Pipeline\\Pipeline.php(167): Illuminate\\Foundation\\Http\\Middleware\\TransformsRequest->handle(Object(Illuminate\\Http\\Request), Object(Closure))
#40 C:\\Users\\loc_m\\Documents\\GitHub\\CNPM-Restaurant\\source_code\\vendor\\laravel\\framework\\src\\Illuminate\\Foundation\\Http\\Middleware\\TransformsRequest.php(21): Illuminate\\Pipeline\\Pipeline->Illuminate\\Pipeline\\{closure}(Object(Illuminate\\Http\\Request))
#41 C:\\Users\\loc_m\\Documents\\GitHub\\CNPM-Restaurant\\source_code\\vendor\\laravel\\framework\\src\\Illuminate\\Pipeline\\Pipeline.php(167): Illuminate\\Foundation\\Http\\Middleware\\TransformsRequest->handle(Object(Illuminate\\Http\\Request), Object(Closure))
#42 C:\\Users\\loc_m\\Documents\\GitHub\\CNPM-Restaurant\\source_code\\vendor\\laravel\\framework\\src\\Illuminate\\Foundation\\Http\\Middleware\\ValidatePostSize.php(27): Illuminate\\Pipeline\\Pipeline->Illuminate\\Pipeline\\{closure}(Object(Illuminate\\Http\\Request))
#43 C:\\Users\\loc_m\\Documents\\GitHub\\CNPM-Restaurant\\source_code\\vendor\\laravel\\framework\\src\\Illuminate\\Pipeline\\Pipeline.php(167): Illuminate\\Foundation\\Http\\Middleware\\ValidatePostSize->handle(Object(Illuminate\\Http\\Request), Object(Closure))
#44 C:\\Users\\loc_m\\Documents\\GitHub\\CNPM-Restaurant\\source_code\\vendor\\laravel\\framework\\src\\Illuminate\\Foundation\\Http\\Middleware\\CheckForMaintenanceMode.php(63): Illuminate\\Pipeline\\Pipeline->Illuminate\\Pipeline\\{closure}(Object(Illuminate\\Http\\Request))
#45 C:\\Users\\loc_m\\Documents\\GitHub\\CNPM-Restaurant\\source_code\\vendor\\laravel\\framework\\src\\Illuminate\\Pipeline\\Pipeline.php(167): Illuminate\\Foundation\\Http\\Middleware\\CheckForMaintenanceMode->handle(Object(Illuminate\\Http\\Request), Object(Closure))
#46 C:\\Users\\loc_m\\Documents\\GitHub\\CNPM-Restaurant\\source_code\\vendor\\fruitcake\\laravel-cors\\src\\HandleCors.php(38): Illuminate\\Pipeline\\Pipeline->Illuminate\\Pipeline\\{closure}(Object(Illuminate\\Http\\Request))
#47 C:\\Users\\loc_m\\Documents\\GitHub\\CNPM-Restaurant\\source_code\\vendor\\laravel\\framework\\src\\Illuminate\\Pipeline\\Pipeline.php(167): Fruitcake\\Cors\\HandleCors->handle(Object(Illuminate\\Http\\Request), Object(Closure))
#48 C:\\Users\\loc_m\\Documents\\GitHub\\CNPM-Restaurant\\source_code\\vendor\\fideloper\\proxy\\src\\TrustProxies.php(57): Illuminate\\Pipeline\\Pipeline->Illuminate\\Pipeline\\{closure}(Object(Illuminate\\Http\\Request))
#49 C:\\Users\\loc_m\\Documents\\GitHub\\CNPM-Restaurant\\source_code\\vendor\\laravel\\framework\\src\\Illuminate\\Pipeline\\Pipeline.php(167): Fideloper\\Proxy\\TrustProxies->handle(Object(Illuminate\\Http\\Request), Object(Closure))
#50 C:\\Users\\loc_m\\Documents\\GitHub\\CNPM-Restaurant\\source_code\\vendor\\laravel\\framework\\src\\Illuminate\\Pipeline\\Pipeline.php(103): Illuminate\\Pipeline\\Pipeline->Illuminate\\Pipeline\\{closure}(Object(Illuminate\\Http\\Request))
#51 C:\\Users\\loc_m\\Documents\\GitHub\\CNPM-Restaurant\\source_code\\vendor\\laravel\\framework\\src\\Illuminate\\Foundation\\Http\\Kernel.php(140): Illuminate\\Pipeline\\Pipeline->then(Object(Closure))
#52 C:\\Users\\loc_m\\Documents\\GitHub\\CNPM-Restaurant\\source_code\\vendor\\laravel\\framework\\src\\Illuminate\\Foundation\\Http\\Kernel.php(109): Illuminate\\Foundation\\Http\\Kernel->sendRequestThroughRouter(Object(Illuminate\\Http\\Request))
#53 C:\\Users\\loc_m\\Documents\\GitHub\\CNPM-Restaurant\\source_code\\public\\index.php(55): Illuminate\\Foundation\\Http\\Kernel->handle(Object(Illuminate\\Http\\Request))
#54 C:\\Users\\loc_m\\Documents\\GitHub\\CNPM-Restaurant\\source_code\\server.php(19): require_once('C:\\\\Users\\\\loc_m\\\\...')
#55 {main}
"} 
