[2021-11-28 03:29:21] local.ERROR: Missing required parameters for [Route: chat_box] [URI: chat/{id}]. (View: D:\Programs\New folder\htdocs\new\CNPM-Restaurant\source_code\resources\views\RecvOrder.blade.php) {"exception":"[object] (Facade\\Ignition\\Exceptions\\ViewException(code: 0): Missing required parameters for [Route: chat_box] [URI: chat/{id}]. (View: D:\\Programs\\New folder\\htdocs\
ew\\CNPM-Restaurant\\source_code\esources\\views\\RecvOrder.blade.php) at D:\\Programs\\New folder\\htdocs\
ew\\CNPM-Restaurant\\source_code\\vendor\\laravel\\framework\\src\\Illuminate\\Routing\\Exceptions\\UrlGenerationException.php:17)
[stacktrace]
#0 D:\\Programs\\New folder\\htdocs\
ew\\CNPM-Restaurant\\source_code\\vendor\\laravel\\framework\\src\\Illuminate\\Routing\\RouteUrlGenerator.php(91): Illuminate\\Routing\\Exceptions\\UrlGenerationException::forMissingParameters(Object(Illuminate\\Routing\\Route))
#1 D:\\Programs\\New folder\\htdocs\
ew\\CNPM-Restaurant\\source_code\\vendor\\laravel\\framework\\src\\Illuminate\\Routing\\UrlGenerator.php(442): Illuminate\\Routing\\RouteUrlGenerator->to(Object(Illuminate\\Routing\\Route), Array, true)
#2 D:\\Programs\\New folder\\htdocs\
ew\\CNPM-Restaurant\\source_code\\vendor\\laravel\\framework\\src\\Illuminate\\Routing\\UrlGenerator.php(417): Illuminate\\Routing\\UrlGenerator->toRoute(Object(Illuminate\\Routing\\Route), Array, true)
#3 D:\\Programs\\New folder\\htdocs\
ew\\CNPM-Restaurant\\source_code\\vendor\\laravel\\framework\\src\\Illuminate\\Foundation\\helpers.php(768): Illuminate\\Routing\\UrlGenerator->route('chat_box', Array, true)
#4 D:\\Programs\\New folder\\htdocs\
ew\\CNPM-Restaurant\\source_code\esources\\views/RecvOrder.blade.php(137): route('chat_box', Array)
#5 D:\\Programs\\New folder\\htdocs\
ew\\CNPM-Restaurant\\source_code\\vendor\\laravel\\framework\\src\\Illuminate\\View\\Engines\\PhpEngine.php(41): include('D:\\\\Programs\\\\New...')
#6 D:\\Programs\\New folder\\htdocs\
ew\\CNPM-Restaurant\\source_code\\vendor\\laravel\\framework\\src\\Illuminate\\View\\Engines\\CompilerEngine.php(57): Illuminate\\View\\Engines\\PhpEngine->evaluatePath('D:\\\\Programs\\\\New...', Array)
#7 D:\\Programs\\New folder\\htdocs\
ew\\CNPM-Restaurant\\source_code\\vendor\\facade\\ignition\\src\\Views\\Engines\\CompilerEngine.php(37): Illuminate\\View\\Engines\\CompilerEngine->get('D:\\\\Programs\\\\New...', Array)
#8 D:\\Programs\\New folder\\htdocs\
ew\\CNPM-Restaurant\\source_code\\vendor\\laravel\\framework\\src\\Illuminate\\View\\View.php(139): Facade\\Ignition\\Views\\Engines\\CompilerEngine->get('D:\\\\Programs\\\\New...', Array)
#9 D:\\Programs\\New folder\\htdocs\
ew\\CNPM-Restaurant\\source_code\\vendor\\laravel\\framework\\src\\Illuminate\\View\\View.php(122): Illuminate\\View\\View->getContents()
#10 D:\\Programs\\New folder\\htdocs\
ew\\CNPM-Restaurant\\source_code\\vendor\\laravel\\framework\\src\\Illuminate\\View\\View.php(91): Illuminate\\View\\View->renderContents()
#11 D:\\Programs\\New folder\\htdocs\
ew\\CNPM-Restaurant\\source_code\\vendor\\laravel\\framework\\src\\Illuminate\\Http\\Response.php(62): Illuminate\\View\\View->render()
#12 D:\\Programs\\New folder\\htdocs\
ew\\CNPM-Restaurant\\source_code\\vendor\\laravel\\framework\\src\\Illuminate\\Http\\Response.php(34): Illuminate\\Http\\Response->setContent(Object(Illuminate\\View\\View))
#13 D:\\Programs\\New folder\\htdocs\
ew\\CNPM-Restaurant\\source_code\\vendor\\laravel\\framework\\src\\Illuminate\\Routing\\Router.php(759): Illuminate\\Http\\Response->__construct(Object(Illuminate\\View\\View), 200, Array)
#14 D:\\Programs\\New folder\\htdocs\
ew\\CNPM-Restaurant\\source_code\\vendor\\laravel\\framework\\src\\Illuminate\\Routing\\Router.php(731): Illuminate\\Routing\\Router::toResponse(Object(Illuminate\\Http\\Request), Object(Illuminate\\View\\View))
#15 D:\\Programs\\New folder\\htdocs\
ew\\CNPM-Restaurant\\source_code\\vendor\\laravel\\framework\\src\\Illuminate\\Routing\\Router.php(685): Illuminate\\Routing\\Router->prepareResponse(Object(Illuminate\\Http\\Request), Object(Illuminate\\View\\View))
#16 D:\\Programs\\New folder\\htdocs\
ew\\CNPM-Restaurant\\source_code\\vendor\\laravel\\framework\\src\\Illuminate\\Pipeline\\Pipeline.php(128): Illuminate\\Routing\\Router->Illuminate\\Routing\\{closure}(Object(Illuminate\\Http\\Request))
#17 D:\\Programs\\New folder\\htdocs\
ew\\CNPM-Restaurant\\source_code\\vendor\\laravel\\framework\\src\\Illuminate\\Routing\\Middleware\\SubstituteBindings.php(41): Illuminate\\Pipeline\\Pipeline->Illuminate\\Pipeline\\{closure}(Object(Illuminate\\Http\\Request))
#18 D:\\Programs\\New folder\\htdocs\
ew\\CNPM-Restaurant\\source_code\\vendor\\laravel\\framework\\src\\Illuminate\\Pipeline\\Pipeline.php(167): Illuminate\\Routing\\Middleware\\SubstituteBindings->handle(Object(Illuminate\\Http\\Request), Object(Closure))
#19 D:\\Programs\\New folder\\htdocs\
ew\\CNPM-Restaurant\\source_code\\vendor\\laravel\\framework\\src\\Illuminate\\Foundation\\Http\\Middleware\\VerifyCsrfToken.php(78): Illuminate\\Pipeline\\Pipeline->Illuminate\\Pipeline\\{closure}(Object(Illuminate\\Http\\Request))
#20 D:\\Programs\\New folder\\htdocs\
ew\\CNPM-Restaurant\\source_code\\vendor\\laravel\\framework\\src\\Illuminate\\Pipeline\\Pipeline.php(167): Illuminate\\Foundation\\Http\\Middleware\\VerifyCsrfToken->handle(Object(Illuminate\\Http\\Request), Object(Closure))
#21 D:\\Programs\\New folder\\htdocs\
ew\\CNPM-Restaurant\\source_code\\vendor\\laravel\\framework\\src\\Illuminate\\View\\Middleware\\ShareErrorsFromSession.php(49): Illuminate\\Pipeline\\Pipeline->Illuminate\\Pipeline\\{closure}(Object(Illuminate\\Http\\Request))
#22 D:\\Programs\\New folder\\htdocs\
ew\\CNPM-Restaurant\\source_code\\vendor\\laravel\\framework\\src\\Illuminate\\Pipeline\\Pipeline.php(167): Illuminate\\View\\Middleware\\ShareErrorsFromSession->handle(Object(Illuminate\\Http\\Request), Object(Closure))
#23 D:\\Programs\\New folder\\htdocs\
ew\\CNPM-Restaurant\\source_code\\vendor\\laravel\\framework\\src\\Illuminate\\Session\\Middleware\\StartSession.php(116): Illuminate\\Pipeline\\Pipeline->Illuminate\\Pipeline\\{closure}(Object(Illuminate\\Http\\Request))
#24 D:\\Programs\\New folder\\htdocs\
ew\\CNPM-Restaurant\\source_code\\vendor\\laravel\\framework\\src\\Illuminate\\Session\\Middleware\\StartSession.php(62): Illuminate\\Session\\Middleware\\StartSession->handleStatefulRequest(Object(Illuminate\\Http\\Request), Object(Illuminate\\Session\\Store), Object(Closure))
#25 D:\\Programs\\New folder\\htdocs\
ew\\CNPM-Restaurant\\source_code\\vendor\\laravel\\framework\\src\\Illuminate\\Pipeline\\Pipeline.php(167): Illuminate\\Session\\Middleware\\StartSession->handle(Object(Illuminate\\Http\\Request), Object(Closure))
#26 D:\\Programs\\New folder\\htdocs\
ew\\CNPM-Restaurant\\source_code\\vendor\\laravel\\framework\\src\\Illuminate\\Cookie\\Middleware\\AddQueuedCookiesToResponse.php(37): Illuminate\\Pipeline\\Pipeline->Illuminate\\Pipeline\\{closure}(Object(Illuminate\\Http\\Request))
#27 D:\\Programs\\New folder\\htdocs\
ew\\CNPM-Restaurant\\source_code\\vendor\\laravel\\framework\\src\\Illuminate\\Pipeline\\Pipeline.php(167): Illuminate\\Cookie\\Middleware\\AddQueuedCookiesToResponse->handle(Object(Illuminate\\Http\\Request), Object(Closure))
#28 D:\\Programs\\New folder\\htdocs\
ew\\CNPM-Restaurant\\source_code\\vendor\\laravel\\framework\\src\\Illuminate\\Cookie\\Middleware\\EncryptCookies.php(67): Illuminate\\Pipeline\\Pipeline->Illuminate\\Pipeline\\{closure}(Object(Illuminate\\Http\\Request))
#29 D:\\Programs\\New folder\\htdocs\
ew\\CNPM-Restaurant\\source_code\\vendor\\laravel\\framework\\src\\Illuminate\\Pipeline\\Pipeline.php(167): Illuminate\\Cookie\\Middleware\\EncryptCookies->handle(Object(Illuminate\\Http\\Request), Object(Closure))
#30 D:\\Programs\\New folder\\htdocs\
ew\\CNPM-Restaurant\\source_code\\vendor\\laravel\\framework\\src\\Illuminate\\Pipeline\\Pipeline.php(103): Illuminate\\Pipeline\\Pipeline->Illuminate\\Pipeline\\{closure}(Object(Illuminate\\Http\\Request))
#31 D:\\Programs\\New folder\\htdocs\
ew\\CNPM-Restaurant\\source_code\\vendor\\laravel\\framework\\src\\Illuminate\\Routing\\Router.php(687): Illuminate\\Pipeline\\Pipeline->then(Object(Closure))
#32 D:\\Programs\\New folder\\htdocs\
ew\\CNPM-Restaurant\\source_code\\vendor\\laravel\\framework\\src\\Illuminate\\Routing\\Router.php(662): Illuminate\\Routing\\Router->runRouteWithinStack(Object(Illuminate\\Routing\\Route), Object(Illuminate\\Http\\Request))
#33 D:\\Programs\\New folder\\htdocs\
ew\\CNPM-Restaurant\\source_code\\vendor\\laravel\\framework\\src\\Illuminate\\Routing\\Router.php(628): Illuminate\\Routing\\Router->runRoute(Object(Illuminate\\Http\\Request), Object(Illuminate\\Routing\\Route))
#34 D:\\Programs\\New folder\\htdocs\
ew\\CNPM-Restaurant\\source_code\\vendor\\laravel\\framework\\src\\Illuminate\\Routing\\Router.php(617): Illuminate\\Routing\\Router->dispatchToRoute(Object(Illuminate\\Http\\Request))
#35 D:\\Programs\\New folder\\htdocs\
ew\\CNPM-Restaurant\\source_code\\vendor\\laravel\\framework\\src\\Illuminate\\Foundation\\Http\\Kernel.php(165): Illuminate\\Routing\\Router->dispatch(Object(Illuminate\\Http\\Request))
#36 D:\\Programs\\New folder\\htdocs\
ew\\CNPM-Restaurant\\source_code\\vendor\\laravel\\framework\\src\\Illuminate\\Pipeline\\Pipeline.php(128): Illuminate\\Foundation\\Http\\Kernel->Illuminate\\Foundation\\Http\\{closure}(Object(Illuminate\\Http\\Request))
#37 D:\\Programs\\New folder\\htdocs\
ew\\CNPM-Restaurant\\source_code\\vendor\\laravel\\framework\\src\\Illuminate\\Foundation\\Http\\Middleware\\TransformsRequest.php(21): Illuminate\\Pipeline\\Pipeline->Illuminate\\Pipeline\\{closure}(Object(Illuminate\\Http\\Request))
#38 D:\\Programs\\New folder\\htdocs\
ew\\CNPM-Restaurant\\source_code\\vendor\\laravel\\framework\\src\\Illuminate\\Pipeline\\Pipeline.php(167): Illuminate\\Foundation\\Http\\Middleware\\TransformsRequest->handle(Object(Illuminate\\Http\\Request), Object(Closure))
#39 D:\\Programs\\New folder\\htdocs\
ew\\CNPM-Restaurant\\source_code\\vendor\\laravel\\framework\\src\\Illuminate\\Foundation\\Http\\Middleware\\TransformsRequest.php(21): Illuminate\\Pipeline\\Pipeline->Illuminate\\Pipeline\\{closure}(Object(Illuminate\\Http\\Request))
#40 D:\\Programs\\New folder\\htdocs\
ew\\CNPM-Restaurant\\source_code\\vendor\\laravel\\framework\\src\\Illuminate\\Pipeline\\Pipeline.php(167): Illuminate\\Foundation\\Http\\Middleware\\TransformsRequest->handle(Object(Illuminate\\Http\\Request), Object(Closure))
#41 D:\\Programs\\New folder\\htdocs\
ew\\CNPM-Restaurant\\source_code\\vendor\\laravel\\framework\\src\\Illuminate\\Foundation\\Http\\Middleware\\ValidatePostSize.php(27): Illuminate\\Pipeline\\Pipeline->Illuminate\\Pipeline\\{closure}(Object(Illuminate\\Http\\Request))
#42 D:\\Programs\\New folder\\htdocs\
ew\\CNPM-Restaurant\\source_code\\vendor\\laravel\\framework\\src\\Illuminate\\Pipeline\\Pipeline.php(167): Illuminate\\Foundation\\Http\\Middleware\\ValidatePostSize->handle(Object(Illuminate\\Http\\Request), Object(Closure))
#43 D:\\Programs\\New folder\\htdocs\
ew\\CNPM-Restaurant\\source_code\\vendor\\laravel\\framework\\src\\Illuminate\\Foundation\\Http\\Middleware\\CheckForMaintenanceMode.php(63): Illuminate\\Pipeline\\Pipeline->Illuminate\\Pipeline\\{closure}(Object(Illuminate\\Http\\Request))
#44 D:\\Programs\\New folder\\htdocs\
ew\\CNPM-Restaurant\\source_code\\vendor\\laravel\\framework\\src\\Illuminate\\Pipeline\\Pipeline.php(167): Illuminate\\Foundation\\Http\\Middleware\\CheckForMaintenanceMode->handle(Object(Illuminate\\Http\\Request), Object(Closure))
#45 D:\\Programs\\New folder\\htdocs\
ew\\CNPM-Restaurant\\source_code\\vendor\\fruitcake\\laravel-cors\\src\\HandleCors.php(38): Illuminate\\Pipeline\\Pipeline->Illuminate\\Pipeline\\{closure}(Object(Illuminate\\Http\\Request))
#46 D:\\Programs\\New folder\\htdocs\
ew\\CNPM-Restaurant\\source_code\\vendor\\laravel\\framework\\src\\Illuminate\\Pipeline\\Pipeline.php(167): Fruitcake\\Cors\\HandleCors->handle(Object(Illuminate\\Http\\Request), Object(Closure))
#47 D:\\Programs\\New folder\\htdocs\
ew\\CNPM-Restaurant\\source_code\\vendor\\fideloper\\proxy\\src\\TrustProxies.php(57): Illuminate\\Pipeline\\Pipeline->Illuminate\\Pipeline\\{closure}(Object(Illuminate\\Http\\Request))
#48 D:\\Programs\\New folder\\htdocs\
ew\\CNPM-Restaurant\\source_code\\vendor\\laravel\\framework\\src\\Illuminate\\Pipeline\\Pipeline.php(167): Fideloper\\Proxy\\TrustProxies->handle(Object(Illuminate\\Http\\Request), Object(Closure))
#49 D:\\Programs\\New folder\\htdocs\
ew\\CNPM-Restaurant\\source_code\\vendor\\laravel\\framework\\src\\Illuminate\\Pipeline\\Pipeline.php(103): Illuminate\\Pipeline\\Pipeline->Illuminate\\Pipeline\\{closure}(Object(Illuminate\\Http\\Request))
#50 D:\\Programs\\New folder\\htdocs\
ew\\CNPM-Restaurant\\source_code\\vendor\\laravel\\framework\\src\\Illuminate\\Foundation\\Http\\Kernel.php(140): Illuminate\\Pipeline\\Pipeline->then(Object(Closure))
#51 D:\\Programs\\New folder\\htdocs\
ew\\CNPM-Restaurant\\source_code\\vendor\\laravel\\framework\\src\\Illuminate\\Foundation\\Http\\Kernel.php(109): Illuminate\\Foundation\\Http\\Kernel->sendRequestThroughRouter(Object(Illuminate\\Http\\Request))
#52 D:\\Programs\\New folder\\htdocs\
ew\\CNPM-Restaurant\\source_code\\public\\index.php(55): Illuminate\\Foundation\\Http\\Kernel->handle(Object(Illuminate\\Http\\Request))
#53 D:\\Programs\\New folder\\htdocs\
ew\\CNPM-Restaurant\\source_code\\server.php(19): require_once('D:\\\\Programs\\\\New...')
#54 {main}

[previous exception] [object] (Illuminate\\Routing\\Exceptions\\UrlGenerationException(code: 0): Missing required parameters for [Route: chat_box] [URI: chat/{id}]. at D:\\Programs\\New folder\\htdocs\
ew\\CNPM-Restaurant\\source_code\\vendor\\laravel\\framework\\src\\Illuminate\\Routing\\Exceptions\\UrlGenerationException.php:17)
[stacktrace]
#0 D:\\Programs\\New folder\\htdocs\
ew\\CNPM-Restaurant\\source_code\\vendor\\laravel\\framework\\src\\Illuminate\\Routing\\RouteUrlGenerator.php(91): Illuminate\\Routing\\Exceptions\\UrlGenerationException::forMissingParameters(Object(Illuminate\\Routing\\Route))
#1 D:\\Programs\\New folder\\htdocs\
ew\\CNPM-Restaurant\\source_code\\vendor\\laravel\\framework\\src\\Illuminate\\Routing\\UrlGenerator.php(442): Illuminate\\Routing\\RouteUrlGenerator->to(Object(Illuminate\\Routing\\Route), Array, true)
#2 D:\\Programs\\New folder\\htdocs\
ew\\CNPM-Restaurant\\source_code\\vendor\\laravel\\framework\\src\\Illuminate\\Routing\\UrlGenerator.php(417): Illuminate\\Routing\\UrlGenerator->toRoute(Object(Illuminate\\Routing\\Route), Array, true)
#3 D:\\Programs\\New folder\\htdocs\
ew\\CNPM-Restaurant\\source_code\\vendor\\laravel\\framework\\src\\Illuminate\\Foundation\\helpers.php(768): Illuminate\\Routing\\UrlGenerator->route('chat_box', Array, true)
#4 D:\\Programs\\New folder\\htdocs\
ew\\CNPM-Restaurant\\source_code\\storage\\framework\\views\\6d9cb9255a86309bcf6afb16caaf574b3634c4fc.php(137): route('chat_box', Array)
#5 D:\\Programs\\New folder\\htdocs\
ew\\CNPM-Restaurant\\source_code\\vendor\\laravel\\framework\\src\\Illuminate\\View\\Engines\\PhpEngine.php(41): include('D:\\\\Programs\\\\New...')
#6 D:\\Programs\\New folder\\htdocs\
ew\\CNPM-Restaurant\\source_code\\vendor\\laravel\\framework\\src\\Illuminate\\View\\Engines\\CompilerEngine.php(57): Illuminate\\View\\Engines\\PhpEngine->evaluatePath('D:\\\\Programs\\\\New...', Array)
#7 D:\\Programs\\New folder\\htdocs\
ew\\CNPM-Restaurant\\source_code\\vendor\\facade\\ignition\\src\\Views\\Engines\\CompilerEngine.php(37): Illuminate\\View\\Engines\\CompilerEngine->get('D:\\\\Programs\\\\New...', Array)
#8 D:\\Programs\\New folder\\htdocs\
ew\\CNPM-Restaurant\\source_code\\vendor\\laravel\\framework\\src\\Illuminate\\View\\View.php(139): Facade\\Ignition\\Views\\Engines\\CompilerEngine->get('D:\\\\Programs\\\\New...', Array)
#9 D:\\Programs\\New folder\\htdocs\
ew\\CNPM-Restaurant\\source_code\\vendor\\laravel\\framework\\src\\Illuminate\\View\\View.php(122): Illuminate\\View\\View->getContents()
#10 D:\\Programs\\New folder\\htdocs\
ew\\CNPM-Restaurant\\source_code\\vendor\\laravel\\framework\\src\\Illuminate\\View\\View.php(91): Illuminate\\View\\View->renderContents()
#11 D:\\Programs\\New folder\\htdocs\
ew\\CNPM-Restaurant\\source_code\\vendor\\laravel\\framework\\src\\Illuminate\\Http\\Response.php(62): Illuminate\\View\\View->render()
#12 D:\\Programs\\New folder\\htdocs\
ew\\CNPM-Restaurant\\source_code\\vendor\\laravel\\framework\\src\\Illuminate\\Http\\Response.php(34): Illuminate\\Http\\Response->setContent(Object(Illuminate\\View\\View))
#13 D:\\Programs\\New folder\\htdocs\
ew\\CNPM-Restaurant\\source_code\\vendor\\laravel\\framework\\src\\Illuminate\\Routing\\Router.php(759): Illuminate\\Http\\Response->__construct(Object(Illuminate\\View\\View), 200, Array)
#14 D:\\Programs\\New folder\\htdocs\
ew\\CNPM-Restaurant\\source_code\\vendor\\laravel\\framework\\src\\Illuminate\\Routing\\Router.php(731): Illuminate\\Routing\\Router::toResponse(Object(Illuminate\\Http\\Request), Object(Illuminate\\View\\View))
#15 D:\\Programs\\New folder\\htdocs\
ew\\CNPM-Restaurant\\source_code\\vendor\\laravel\\framework\\src\\Illuminate\\Routing\\Router.php(685): Illuminate\\Routing\\Router->prepareResponse(Object(Illuminate\\Http\\Request), Object(Illuminate\\View\\View))
#16 D:\\Programs\\New folder\\htdocs\
ew\\CNPM-Restaurant\\source_code\\vendor\\laravel\\framework\\src\\Illuminate\\Pipeline\\Pipeline.php(128): Illuminate\\Routing\\Router->Illuminate\\Routing\\{closure}(Object(Illuminate\\Http\\Request))
#17 D:\\Programs\\New folder\\htdocs\
ew\\CNPM-Restaurant\\source_code\\vendor\\laravel\\framework\\src\\Illuminate\\Routing\\Middleware\\SubstituteBindings.php(41): Illuminate\\Pipeline\\Pipeline->Illuminate\\Pipeline\\{closure}(Object(Illuminate\\Http\\Request))
#18 D:\\Programs\\New folder\\htdocs\
ew\\CNPM-Restaurant\\source_code\\vendor\\laravel\\framework\\src\\Illuminate\\Pipeline\\Pipeline.php(167): Illuminate\\Routing\\Middleware\\SubstituteBindings->handle(Object(Illuminate\\Http\\Request), Object(Closure))
#19 D:\\Programs\\New folder\\htdocs\
ew\\CNPM-Restaurant\\source_code\\vendor\\laravel\\framework\\src\\Illuminate\\Foundation\\Http\\Middleware\\VerifyCsrfToken.php(78): Illuminate\\Pipeline\\Pipeline->Illuminate\\Pipeline\\{closure}(Object(Illuminate\\Http\\Request))
#20 D:\\Programs\\New folder\\htdocs\
ew\\CNPM-Restaurant\\source_code\\vendor\\laravel\\framework\\src\\Illuminate\\Pipeline\\Pipeline.php(167): Illuminate\\Foundation\\Http\\Middleware\\VerifyCsrfToken->handle(Object(Illuminate\\Http\\Request), Object(Closure))
#21 D:\\Programs\\New folder\\htdocs\
ew\\CNPM-Restaurant\\source_code\\vendor\\laravel\\framework\\src\\Illuminate\\View\\Middleware\\ShareErrorsFromSession.php(49): Illuminate\\Pipeline\\Pipeline->Illuminate\\Pipeline\\{closure}(Object(Illuminate\\Http\\Request))
#22 D:\\Programs\\New folder\\htdocs\
ew\\CNPM-Restaurant\\source_code\\vendor\\laravel\\framework\\src\\Illuminate\\Pipeline\\Pipeline.php(167): Illuminate\\View\\Middleware\\ShareErrorsFromSession->handle(Object(Illuminate\\Http\\Request), Object(Closure))
#23 D:\\Programs\\New folder\\htdocs\
ew\\CNPM-Restaurant\\source_code\\vendor\\laravel\\framework\\src\\Illuminate\\Session\\Middleware\\StartSession.php(116): Illuminate\\Pipeline\\Pipeline->Illuminate\\Pipeline\\{closure}(Object(Illuminate\\Http\\Request))
#24 D:\\Programs\\New folder\\htdocs\
ew\\CNPM-Restaurant\\source_code\\vendor\\laravel\\framework\\src\\Illuminate\\Session\\Middleware\\StartSession.php(62): Illuminate\\Session\\Middleware\\StartSession->handleStatefulRequest(Object(Illuminate\\Http\\Request), Object(Illuminate\\Session\\Store), Object(Closure))
#25 D:\\Programs\\New folder\\htdocs\
ew\\CNPM-Restaurant\\source_code\\vendor\\laravel\\framework\\src\\Illuminate\\Pipeline\\Pipeline.php(167): Illuminate\\Session\\Middleware\\StartSession->handle(Object(Illuminate\\Http\\Request), Object(Closure))
#26 D:\\Programs\\New folder\\htdocs\
ew\\CNPM-Restaurant\\source_code\\vendor\\laravel\\framework\\src\\Illuminate\\Cookie\\Middleware\\AddQueuedCookiesToResponse.php(37): Illuminate\\Pipeline\\Pipeline->Illuminate\\Pipeline\\{closure}(Object(Illuminate\\Http\\Request))
#27 D:\\Programs\\New folder\\htdocs\
ew\\CNPM-Restaurant\\source_code\\vendor\\laravel\\framework\\src\\Illuminate\\Pipeline\\Pipeline.php(167): Illuminate\\Cookie\\Middleware\\AddQueuedCookiesToResponse->handle(Object(Illuminate\\Http\\Request), Object(Closure))
#28 D:\\Programs\\New folder\\htdocs\
ew\\CNPM-Restaurant\\source_code\\vendor\\laravel\\framework\\src\\Illuminate\\Cookie\\Middleware\\EncryptCookies.php(67): Illuminate\\Pipeline\\Pipeline->Illuminate\\Pipeline\\{closure}(Object(Illuminate\\Http\\Request))
#29 D:\\Programs\\New folder\\htdocs\
ew\\CNPM-Restaurant\\source_code\\vendor\\laravel\\framework\\src\\Illuminate\\Pipeline\\Pipeline.php(167): Illuminate\\Cookie\\Middleware\\EncryptCookies->handle(Object(Illuminate\\Http\\Request), Object(Closure))
#30 D:\\Programs\\New folder\\htdocs\
ew\\CNPM-Restaurant\\source_code\\vendor\\laravel\\framework\\src\\Illuminate\\Pipeline\\Pipeline.php(103): Illuminate\\Pipeline\\Pipeline->Illuminate\\Pipeline\\{closure}(Object(Illuminate\\Http\\Request))
#31 D:\\Programs\\New folder\\htdocs\
ew\\CNPM-Restaurant\\source_code\\vendor\\laravel\\framework\\src\\Illuminate\\Routing\\Router.php(687): Illuminate\\Pipeline\\Pipeline->then(Object(Closure))
#32 D:\\Programs\\New folder\\htdocs\
ew\\CNPM-Restaurant\\source_code\\vendor\\laravel\\framework\\src\\Illuminate\\Routing\\Router.php(662): Illuminate\\Routing\\Router->runRouteWithinStack(Object(Illuminate\\Routing\\Route), Object(Illuminate\\Http\\Request))
#33 D:\\Programs\\New folder\\htdocs\
ew\\CNPM-Restaurant\\source_code\\vendor\\laravel\\framework\\src\\Illuminate\\Routing\\Router.php(628): Illuminate\\Routing\\Router->runRoute(Object(Illuminate\\Http\\Request), Object(Illuminate\\Routing\\Route))
#34 D:\\Programs\\New folder\\htdocs\
ew\\CNPM-Restaurant\\source_code\\vendor\\laravel\\framework\\src\\Illuminate\\Routing\\Router.php(617): Illuminate\\Routing\\Router->dispatchToRoute(Object(Illuminate\\Http\\Request))
#35 D:\\Programs\\New folder\\htdocs\
ew\\CNPM-Restaurant\\source_code\\vendor\\laravel\\framework\\src\\Illuminate\\Foundation\\Http\\Kernel.php(165): Illuminate\\Routing\\Router->dispatch(Object(Illuminate\\Http\\Request))
#36 D:\\Programs\\New folder\\htdocs\
ew\\CNPM-Restaurant\\source_code\\vendor\\laravel\\framework\\src\\Illuminate\\Pipeline\\Pipeline.php(128): Illuminate\\Foundation\\Http\\Kernel->Illuminate\\Foundation\\Http\\{closure}(Object(Illuminate\\Http\\Request))
#37 D:\\Programs\\New folder\\htdocs\
ew\\CNPM-Restaurant\\source_code\\vendor\\laravel\\framework\\src\\Illuminate\\Foundation\\Http\\Middleware\\TransformsRequest.php(21): Illuminate\\Pipeline\\Pipeline->Illuminate\\Pipeline\\{closure}(Object(Illuminate\\Http\\Request))
#38 D:\\Programs\\New folder\\htdocs\
ew\\CNPM-Restaurant\\source_code\\vendor\\laravel\\framework\\src\\Illuminate\\Pipeline\\Pipeline.php(167): Illuminate\\Foundation\\Http\\Middleware\\TransformsRequest->handle(Object(Illuminate\\Http\\Request), Object(Closure))
#39 D:\\Programs\\New folder\\htdocs\
ew\\CNPM-Restaurant\\source_code\\vendor\\laravel\\framework\\src\\Illuminate\\Foundation\\Http\\Middleware\\TransformsRequest.php(21): Illuminate\\Pipeline\\Pipeline->Illuminate\\Pipeline\\{closure}(Object(Illuminate\\Http\\Request))
#40 D:\\Programs\\New folder\\htdocs\
ew\\CNPM-Restaurant\\source_code\\vendor\\laravel\\framework\\src\\Illuminate\\Pipeline\\Pipeline.php(167): Illuminate\\Foundation\\Http\\Middleware\\TransformsRequest->handle(Object(Illuminate\\Http\\Request), Object(Closure))
#41 D:\\Programs\\New folder\\htdocs\
ew\\CNPM-Restaurant\\source_code\\vendor\\laravel\\framework\\src\\Illuminate\\Foundation\\Http\\Middleware\\ValidatePostSize.php(27): Illuminate\\Pipeline\\Pipeline->Illuminate\\Pipeline\\{closure}(Object(Illuminate\\Http\\Request))
#42 D:\\Programs\\New folder\\htdocs\
ew\\CNPM-Restaurant\\source_code\\vendor\\laravel\\framework\\src\\Illuminate\\Pipeline\\Pipeline.php(167): Illuminate\\Foundation\\Http\\Middleware\\ValidatePostSize->handle(Object(Illuminate\\Http\\Request), Object(Closure))
#43 D:\\Programs\\New folder\\htdocs\
ew\\CNPM-Restaurant\\source_code\\vendor\\laravel\\framework\\src\\Illuminate\\Foundation\\Http\\Middleware\\CheckForMaintenanceMode.php(63): Illuminate\\Pipeline\\Pipeline->Illuminate\\Pipeline\\{closure}(Object(Illuminate\\Http\\Request))
#44 D:\\Programs\\New folder\\htdocs\
ew\\CNPM-Restaurant\\source_code\\vendor\\laravel\\framework\\src\\Illuminate\\Pipeline\\Pipeline.php(167): Illuminate\\Foundation\\Http\\Middleware\\CheckForMaintenanceMode->handle(Object(Illuminate\\Http\\Request), Object(Closure))
#45 D:\\Programs\\New folder\\htdocs\
ew\\CNPM-Restaurant\\source_code\\vendor\\fruitcake\\laravel-cors\\src\\HandleCors.php(38): Illuminate\\Pipeline\\Pipeline->Illuminate\\Pipeline\\{closure}(Object(Illuminate\\Http\\Request))
#46 D:\\Programs\\New folder\\htdocs\
ew\\CNPM-Restaurant\\source_code\\vendor\\laravel\\framework\\src\\Illuminate\\Pipeline\\Pipeline.php(167): Fruitcake\\Cors\\HandleCors->handle(Object(Illuminate\\Http\\Request), Object(Closure))
#47 D:\\Programs\\New folder\\htdocs\
ew\\CNPM-Restaurant\\source_code\\vendor\\fideloper\\proxy\\src\\TrustProxies.php(57): Illuminate\\Pipeline\\Pipeline->Illuminate\\Pipeline\\{closure}(Object(Illuminate\\Http\\Request))
#48 D:\\Programs\\New folder\\htdocs\
ew\\CNPM-Restaurant\\source_code\\vendor\\laravel\\framework\\src\\Illuminate\\Pipeline\\Pipeline.php(167): Fideloper\\Proxy\\TrustProxies->handle(Object(Illuminate\\Http\\Request), Object(Closure))
#49 D:\\Programs\\New folder\\htdocs\
ew\\CNPM-Restaurant\\source_code\\vendor\\laravel\\framework\\src\\Illuminate\\Pipeline\\Pipeline.php(103): Illuminate\\Pipeline\\Pipeline->Illuminate\\Pipeline\\{closure}(Object(Illuminate\\Http\\Request))
#50 D:\\Programs\\New folder\\htdocs\
ew\\CNPM-Restaurant\\source_code\\vendor\\laravel\\framework\\src\\Illuminate\\Foundation\\Http\\Kernel.php(140): Illuminate\\Pipeline\\Pipeline->then(Object(Closure))
#51 D:\\Programs\\New folder\\htdocs\
ew\\CNPM-Restaurant\\source_code\\vendor\\laravel\\framework\\src\\Illuminate\\Foundation\\Http\\Kernel.php(109): Illuminate\\Foundation\\Http\\Kernel->sendRequestThroughRouter(Object(Illuminate\\Http\\Request))
#52 D:\\Programs\\New folder\\htdocs\
ew\\CNPM-Restaurant\\source_code\\public\\index.php(55): Illuminate\\Foundation\\Http\\Kernel->handle(Object(Illuminate\\Http\\Request))
#53 D:\\Programs\\New folder\\htdocs\
ew\\CNPM-Restaurant\\source_code\\server.php(19): require_once('D:\\\\Programs\\\\New...')
#54 {main}
"} 
[2021-11-28 03:36:15] local.ERROR: Missing required parameters for [Route: chat_box] [URI: chat/{id}]. (View: D:\Programs\New folder\htdocs\new\CNPM-Restaurant\source_code\resources\views\RecvOrder.blade.php) {"exception":"[object] (Facade\\Ignition\\Exceptions\\ViewException(code: 0): Missing required parameters for [Route: chat_box] [URI: chat/{id}]. (View: D:\\Programs\\New folder\\htdocs\
ew\\CNPM-Restaurant\\source_code\esources\\views\\RecvOrder.blade.php) at D:\\Programs\\New folder\\htdocs\
ew\\CNPM-Restaurant\\source_code\\vendor\\laravel\\framework\\src\\Illuminate\\Routing\\Exceptions\\UrlGenerationException.php:17)
[stacktrace]
#0 D:\\Programs\\New folder\\htdocs\
ew\\CNPM-Restaurant\\source_code\\vendor\\laravel\\framework\\src\\Illuminate\\Routing\\RouteUrlGenerator.php(91): Illuminate\\Routing\\Exceptions\\UrlGenerationException::forMissingParameters(Object(Illuminate\\Routing\\Route))
#1 D:\\Programs\\New folder\\htdocs\
ew\\CNPM-Restaurant\\source_code\\vendor\\laravel\\framework\\src\\Illuminate\\Routing\\UrlGenerator.php(442): Illuminate\\Routing\\RouteUrlGenerator->to(Object(Illuminate\\Routing\\Route), Array, true)
#2 D:\\Programs\\New folder\\htdocs\
ew\\CNPM-Restaurant\\source_code\\vendor\\laravel\\framework\\src\\Illuminate\\Routing\\UrlGenerator.php(417): Illuminate\\Routing\\UrlGenerator->toRoute(Object(Illuminate\\Routing\\Route), Array, true)
#3 D:\\Programs\\New folder\\htdocs\
ew\\CNPM-Restaurant\\source_code\\vendor\\laravel\\framework\\src\\Illuminate\\Foundation\\helpers.php(768): Illuminate\\Routing\\UrlGenerator->route('chat_box', Array, true)
#4 D:\\Programs\\New folder\\htdocs\
ew\\CNPM-Restaurant\\source_code\esources\\views/RecvOrder.blade.php(137): route('chat_box', Array)
#5 D:\\Programs\\New folder\\htdocs\
ew\\CNPM-Restaurant\\source_code\\vendor\\laravel\\framework\\src\\Illuminate\\View\\Engines\\PhpEngine.php(41): include('D:\\\\Programs\\\\New...')
#6 D:\\Programs\\New folder\\htdocs\
ew\\CNPM-Restaurant\\source_code\\vendor\\laravel\\framework\\src\\Illuminate\\View\\Engines\\CompilerEngine.php(57): Illuminate\\View\\Engines\\PhpEngine->evaluatePath('D:\\\\Programs\\\\New...', Array)
#7 D:\\Programs\\New folder\\htdocs\
ew\\CNPM-Restaurant\\source_code\\vendor\\facade\\ignition\\src\\Views\\Engines\\CompilerEngine.php(37): Illuminate\\View\\Engines\\CompilerEngine->get('D:\\\\Programs\\\\New...', Array)
#8 D:\\Programs\\New folder\\htdocs\
ew\\CNPM-Restaurant\\source_code\\vendor\\laravel\\framework\\src\\Illuminate\\View\\View.php(139): Facade\\Ignition\\Views\\Engines\\CompilerEngine->get('D:\\\\Programs\\\\New...', Array)
#9 D:\\Programs\\New folder\\htdocs\
ew\\CNPM-Restaurant\\source_code\\vendor\\laravel\\framework\\src\\Illuminate\\View\\View.php(122): Illuminate\\View\\View->getContents()
#10 D:\\Programs\\New folder\\htdocs\
ew\\CNPM-Restaurant\\source_code\\vendor\\laravel\\framework\\src\\Illuminate\\View\\View.php(91): Illuminate\\View\\View->renderContents()
#11 D:\\Programs\\New folder\\htdocs\
ew\\CNPM-Restaurant\\source_code\\vendor\\laravel\\framework\\src\\Illuminate\\Http\\Response.php(62): Illuminate\\View\\View->render()
#12 D:\\Programs\\New folder\\htdocs\
ew\\CNPM-Restaurant\\source_code\\vendor\\laravel\\framework\\src\\Illuminate\\Http\\Response.php(34): Illuminate\\Http\\Response->setContent(Object(Illuminate\\View\\View))
#13 D:\\Programs\\New folder\\htdocs\
ew\\CNPM-Restaurant\\source_code\\vendor\\laravel\\framework\\src\\Illuminate\\Routing\\Router.php(759): Illuminate\\Http\\Response->__construct(Object(Illuminate\\View\\View), 200, Array)
#14 D:\\Programs\\New folder\\htdocs\
ew\\CNPM-Restaurant\\source_code\\vendor\\laravel\\framework\\src\\Illuminate\\Routing\\Router.php(731): Illuminate\\Routing\\Router::toResponse(Object(Illuminate\\Http\\Request), Object(Illuminate\\View\\View))
#15 D:\\Programs\\New folder\\htdocs\
ew\\CNPM-Restaurant\\source_code\\vendor\\laravel\\framework\\src\\Illuminate\\Routing\\Router.php(685): Illuminate\\Routing\\Router->prepareResponse(Object(Illuminate\\Http\\Request), Object(Illuminate\\View\\View))
#16 D:\\Programs\\New folder\\htdocs\
ew\\CNPM-Restaurant\\source_code\\vendor\\laravel\\framework\\src\\Illuminate\\Pipeline\\Pipeline.php(128): Illuminate\\Routing\\Router->Illuminate\\Routing\\{closure}(Object(Illuminate\\Http\\Request))
#17 D:\\Programs\\New folder\\htdocs\
ew\\CNPM-Restaurant\\source_code\\vendor\\laravel\\framework\\src\\Illuminate\\Routing\\Middleware\\SubstituteBindings.php(41): Illuminate\\Pipeline\\Pipeline->Illuminate\\Pipeline\\{closure}(Object(Illuminate\\Http\\Request))
#18 D:\\Programs\\New folder\\htdocs\
ew\\CNPM-Restaurant\\source_code\\vendor\\laravel\\framework\\src\\Illuminate\\Pipeline\\Pipeline.php(167): Illuminate\\Routing\\Middleware\\SubstituteBindings->handle(Object(Illuminate\\Http\\Request), Object(Closure))
#19 D:\\Programs\\New folder\\htdocs\
ew\\CNPM-Restaurant\\source_code\\vendor\\laravel\\framework\\src\\Illuminate\\Foundation\\Http\\Middleware\\VerifyCsrfToken.php(78): Illuminate\\Pipeline\\Pipeline->Illuminate\\Pipeline\\{closure}(Object(Illuminate\\Http\\Request))
#20 D:\\Programs\\New folder\\htdocs\
ew\\CNPM-Restaurant\\source_code\\vendor\\laravel\\framework\\src\\Illuminate\\Pipeline\\Pipeline.php(167): Illuminate\\Foundation\\Http\\Middleware\\VerifyCsrfToken->handle(Object(Illuminate\\Http\\Request), Object(Closure))
#21 D:\\Programs\\New folder\\htdocs\
ew\\CNPM-Restaurant\\source_code\\vendor\\laravel\\framework\\src\\Illuminate\\View\\Middleware\\ShareErrorsFromSession.php(49): Illuminate\\Pipeline\\Pipeline->Illuminate\\Pipeline\\{closure}(Object(Illuminate\\Http\\Request))
#22 D:\\Programs\\New folder\\htdocs\
ew\\CNPM-Restaurant\\source_code\\vendor\\laravel\\framework\\src\\Illuminate\\Pipeline\\Pipeline.php(167): Illuminate\\View\\Middleware\\ShareErrorsFromSession->handle(Object(Illuminate\\Http\\Request), Object(Closure))
#23 D:\\Programs\\New folder\\htdocs\
ew\\CNPM-Restaurant\\source_code\\vendor\\laravel\\framework\\src\\Illuminate\\Session\\Middleware\\StartSession.php(116): Illuminate\\Pipeline\\Pipeline->Illuminate\\Pipeline\\{closure}(Object(Illuminate\\Http\\Request))
#24 D:\\Programs\\New folder\\htdocs\
ew\\CNPM-Restaurant\\source_code\\vendor\\laravel\\framework\\src\\Illuminate\\Session\\Middleware\\StartSession.php(62): Illuminate\\Session\\Middleware\\StartSession->handleStatefulRequest(Object(Illuminate\\Http\\Request), Object(Illuminate\\Session\\Store), Object(Closure))
#25 D:\\Programs\\New folder\\htdocs\
ew\\CNPM-Restaurant\\source_code\\vendor\\laravel\\framework\\src\\Illuminate\\Pipeline\\Pipeline.php(167): Illuminate\\Session\\Middleware\\StartSession->handle(Object(Illuminate\\Http\\Request), Object(Closure))
#26 D:\\Programs\\New folder\\htdocs\
ew\\CNPM-Restaurant\\source_code\\vendor\\laravel\\framework\\src\\Illuminate\\Cookie\\Middleware\\AddQueuedCookiesToResponse.php(37): Illuminate\\Pipeline\\Pipeline->Illuminate\\Pipeline\\{closure}(Object(Illuminate\\Http\\Request))
#27 D:\\Programs\\New folder\\htdocs\
ew\\CNPM-Restaurant\\source_code\\vendor\\laravel\\framework\\src\\Illuminate\\Pipeline\\Pipeline.php(167): Illuminate\\Cookie\\Middleware\\AddQueuedCookiesToResponse->handle(Object(Illuminate\\Http\\Request), Object(Closure))
#28 D:\\Programs\\New folder\\htdocs\
ew\\CNPM-Restaurant\\source_code\\vendor\\laravel\\framework\\src\\Illuminate\\Cookie\\Middleware\\EncryptCookies.php(67): Illuminate\\Pipeline\\Pipeline->Illuminate\\Pipeline\\{closure}(Object(Illuminate\\Http\\Request))
#29 D:\\Programs\\New folder\\htdocs\
ew\\CNPM-Restaurant\\source_code\\vendor\\laravel\\framework\\src\\Illuminate\\Pipeline\\Pipeline.php(167): Illuminate\\Cookie\\Middleware\\EncryptCookies->handle(Object(Illuminate\\Http\\Request), Object(Closure))
#30 D:\\Programs\\New folder\\htdocs\
ew\\CNPM-Restaurant\\source_code\\vendor\\laravel\\framework\\src\\Illuminate\\Pipeline\\Pipeline.php(103): Illuminate\\Pipeline\\Pipeline->Illuminate\\Pipeline\\{closure}(Object(Illuminate\\Http\\Request))
#31 D:\\Programs\\New folder\\htdocs\
ew\\CNPM-Restaurant\\source_code\\vendor\\laravel\\framework\\src\\Illuminate\\Routing\\Router.php(687): Illuminate\\Pipeline\\Pipeline->then(Object(Closure))
#32 D:\\Programs\\New folder\\htdocs\
ew\\CNPM-Restaurant\\source_code\\vendor\\laravel\\framework\\src\\Illuminate\\Routing\\Router.php(662): Illuminate\\Routing\\Router->runRouteWithinStack(Object(Illuminate\\Routing\\Route), Object(Illuminate\\Http\\Request))
#33 D:\\Programs\\New folder\\htdocs\
ew\\CNPM-Restaurant\\source_code\\vendor\\laravel\\framework\\src\\Illuminate\\Routing\\Router.php(628): Illuminate\\Routing\\Router->runRoute(Object(Illuminate\\Http\\Request), Object(Illuminate\\Routing\\Route))
#34 D:\\Programs\\New folder\\htdocs\
ew\\CNPM-Restaurant\\source_code\\vendor\\laravel\\framework\\src\\Illuminate\\Routing\\Router.php(617): Illuminate\\Routing\\Router->dispatchToRoute(Object(Illuminate\\Http\\Request))
#35 D:\\Programs\\New folder\\htdocs\
ew\\CNPM-Restaurant\\source_code\\vendor\\laravel\\framework\\src\\Illuminate\\Foundation\\Http\\Kernel.php(165): Illuminate\\Routing\\Router->dispatch(Object(Illuminate\\Http\\Request))
#36 D:\\Programs\\New folder\\htdocs\
ew\\CNPM-Restaurant\\source_code\\vendor\\laravel\\framework\\src\\Illuminate\\Pipeline\\Pipeline.php(128): Illuminate\\Foundation\\Http\\Kernel->Illuminate\\Foundation\\Http\\{closure}(Object(Illuminate\\Http\\Request))
#37 D:\\Programs\\New folder\\htdocs\
ew\\CNPM-Restaurant\\source_code\\vendor\\laravel\\framework\\src\\Illuminate\\Foundation\\Http\\Middleware\\TransformsRequest.php(21): Illuminate\\Pipeline\\Pipeline->Illuminate\\Pipeline\\{closure}(Object(Illuminate\\Http\\Request))
#38 D:\\Programs\\New folder\\htdocs\
ew\\CNPM-Restaurant\\source_code\\vendor\\laravel\\framework\\src\\Illuminate\\Pipeline\\Pipeline.php(167): Illuminate\\Foundation\\Http\\Middleware\\TransformsRequest->handle(Object(Illuminate\\Http\\Request), Object(Closure))
#39 D:\\Programs\\New folder\\htdocs\
ew\\CNPM-Restaurant\\source_code\\vendor\\laravel\\framework\\src\\Illuminate\\Foundation\\Http\\Middleware\\TransformsRequest.php(21): Illuminate\\Pipeline\\Pipeline->Illuminate\\Pipeline\\{closure}(Object(Illuminate\\Http\\Request))
#40 D:\\Programs\\New folder\\htdocs\
ew\\CNPM-Restaurant\\source_code\\vendor\\laravel\\framework\\src\\Illuminate\\Pipeline\\Pipeline.php(167): Illuminate\\Foundation\\Http\\Middleware\\TransformsRequest->handle(Object(Illuminate\\Http\\Request), Object(Closure))
#41 D:\\Programs\\New folder\\htdocs\
ew\\CNPM-Restaurant\\source_code\\vendor\\laravel\\framework\\src\\Illuminate\\Foundation\\Http\\Middleware\\ValidatePostSize.php(27): Illuminate\\Pipeline\\Pipeline->Illuminate\\Pipeline\\{closure}(Object(Illuminate\\Http\\Request))
#42 D:\\Programs\\New folder\\htdocs\
ew\\CNPM-Restaurant\\source_code\\vendor\\laravel\\framework\\src\\Illuminate\\Pipeline\\Pipeline.php(167): Illuminate\\Foundation\\Http\\Middleware\\ValidatePostSize->handle(Object(Illuminate\\Http\\Request), Object(Closure))
#43 D:\\Programs\\New folder\\htdocs\
ew\\CNPM-Restaurant\\source_code\\vendor\\laravel\\framework\\src\\Illuminate\\Foundation\\Http\\Middleware\\CheckForMaintenanceMode.php(63): Illuminate\\Pipeline\\Pipeline->Illuminate\\Pipeline\\{closure}(Object(Illuminate\\Http\\Request))
#44 D:\\Programs\\New folder\\htdocs\
ew\\CNPM-Restaurant\\source_code\\vendor\\laravel\\framework\\src\\Illuminate\\Pipeline\\Pipeline.php(167): Illuminate\\Foundation\\Http\\Middleware\\CheckForMaintenanceMode->handle(Object(Illuminate\\Http\\Request), Object(Closure))
#45 D:\\Programs\\New folder\\htdocs\
ew\\CNPM-Restaurant\\source_code\\vendor\\fruitcake\\laravel-cors\\src\\HandleCors.php(38): Illuminate\\Pipeline\\Pipeline->Illuminate\\Pipeline\\{closure}(Object(Illuminate\\Http\\Request))
#46 D:\\Programs\\New folder\\htdocs\
ew\\CNPM-Restaurant\\source_code\\vendor\\laravel\\framework\\src\\Illuminate\\Pipeline\\Pipeline.php(167): Fruitcake\\Cors\\HandleCors->handle(Object(Illuminate\\Http\\Request), Object(Closure))
#47 D:\\Programs\\New folder\\htdocs\
ew\\CNPM-Restaurant\\source_code\\vendor\\fideloper\\proxy\\src\\TrustProxies.php(57): Illuminate\\Pipeline\\Pipeline->Illuminate\\Pipeline\\{closure}(Object(Illuminate\\Http\\Request))
#48 D:\\Programs\\New folder\\htdocs\
ew\\CNPM-Restaurant\\source_code\\vendor\\laravel\\framework\\src\\Illuminate\\Pipeline\\Pipeline.php(167): Fideloper\\Proxy\\TrustProxies->handle(Object(Illuminate\\Http\\Request), Object(Closure))
#49 D:\\Programs\\New folder\\htdocs\
ew\\CNPM-Restaurant\\source_code\\vendor\\laravel\\framework\\src\\Illuminate\\Pipeline\\Pipeline.php(103): Illuminate\\Pipeline\\Pipeline->Illuminate\\Pipeline\\{closure}(Object(Illuminate\\Http\\Request))
#50 D:\\Programs\\New folder\\htdocs\
ew\\CNPM-Restaurant\\source_code\\vendor\\laravel\\framework\\src\\Illuminate\\Foundation\\Http\\Kernel.php(140): Illuminate\\Pipeline\\Pipeline->then(Object(Closure))
#51 D:\\Programs\\New folder\\htdocs\
ew\\CNPM-Restaurant\\source_code\\vendor\\laravel\\framework\\src\\Illuminate\\Foundation\\Http\\Kernel.php(109): Illuminate\\Foundation\\Http\\Kernel->sendRequestThroughRouter(Object(Illuminate\\Http\\Request))
#52 D:\\Programs\\New folder\\htdocs\
ew\\CNPM-Restaurant\\source_code\\public\\index.php(55): Illuminate\\Foundation\\Http\\Kernel->handle(Object(Illuminate\\Http\\Request))
#53 D:\\Programs\\New folder\\htdocs\
ew\\CNPM-Restaurant\\source_code\\server.php(19): require_once('D:\\\\Programs\\\\New...')
#54 {main}

[previous exception] [object] (Illuminate\\Routing\\Exceptions\\UrlGenerationException(code: 0): Missing required parameters for [Route: chat_box] [URI: chat/{id}]. at D:\\Programs\\New folder\\htdocs\
ew\\CNPM-Restaurant\\source_code\\vendor\\laravel\\framework\\src\\Illuminate\\Routing\\Exceptions\\UrlGenerationException.php:17)
[stacktrace]
#0 D:\\Programs\\New folder\\htdocs\
ew\\CNPM-Restaurant\\source_code\\vendor\\laravel\\framework\\src\\Illuminate\\Routing\\RouteUrlGenerator.php(91): Illuminate\\Routing\\Exceptions\\UrlGenerationException::forMissingParameters(Object(Illuminate\\Routing\\Route))
#1 D:\\Programs\\New folder\\htdocs\
ew\\CNPM-Restaurant\\source_code\\vendor\\laravel\\framework\\src\\Illuminate\\Routing\\UrlGenerator.php(442): Illuminate\\Routing\\RouteUrlGenerator->to(Object(Illuminate\\Routing\\Route), Array, true)
#2 D:\\Programs\\New folder\\htdocs\
ew\\CNPM-Restaurant\\source_code\\vendor\\laravel\\framework\\src\\Illuminate\\Routing\\UrlGenerator.php(417): Illuminate\\Routing\\UrlGenerator->toRoute(Object(Illuminate\\Routing\\Route), Array, true)
#3 D:\\Programs\\New folder\\htdocs\
ew\\CNPM-Restaurant\\source_code\\vendor\\laravel\\framework\\src\\Illuminate\\Foundation\\helpers.php(768): Illuminate\\Routing\\UrlGenerator->route('chat_box', Array, true)
#4 D:\\Programs\\New folder\\htdocs\
ew\\CNPM-Restaurant\\source_code\\storage\\framework\\views\\6d9cb9255a86309bcf6afb16caaf574b3634c4fc.php(137): route('chat_box', Array)
#5 D:\\Programs\\New folder\\htdocs\
ew\\CNPM-Restaurant\\source_code\\vendor\\laravel\\framework\\src\\Illuminate\\View\\Engines\\PhpEngine.php(41): include('D:\\\\Programs\\\\New...')
#6 D:\\Programs\\New folder\\htdocs\
ew\\CNPM-Restaurant\\source_code\\vendor\\laravel\\framework\\src\\Illuminate\\View\\Engines\\CompilerEngine.php(57): Illuminate\\View\\Engines\\PhpEngine->evaluatePath('D:\\\\Programs\\\\New...', Array)
#7 D:\\Programs\\New folder\\htdocs\
ew\\CNPM-Restaurant\\source_code\\vendor\\facade\\ignition\\src\\Views\\Engines\\CompilerEngine.php(37): Illuminate\\View\\Engines\\CompilerEngine->get('D:\\\\Programs\\\\New...', Array)
#8 D:\\Programs\\New folder\\htdocs\
ew\\CNPM-Restaurant\\source_code\\vendor\\laravel\\framework\\src\\Illuminate\\View\\View.php(139): Facade\\Ignition\\Views\\Engines\\CompilerEngine->get('D:\\\\Programs\\\\New...', Array)
#9 D:\\Programs\\New folder\\htdocs\
ew\\CNPM-Restaurant\\source_code\\vendor\\laravel\\framework\\src\\Illuminate\\View\\View.php(122): Illuminate\\View\\View->getContents()
#10 D:\\Programs\\New folder\\htdocs\
ew\\CNPM-Restaurant\\source_code\\vendor\\laravel\\framework\\src\\Illuminate\\View\\View.php(91): Illuminate\\View\\View->renderContents()
#11 D:\\Programs\\New folder\\htdocs\
ew\\CNPM-Restaurant\\source_code\\vendor\\laravel\\framework\\src\\Illuminate\\Http\\Response.php(62): Illuminate\\View\\View->render()
#12 D:\\Programs\\New folder\\htdocs\
ew\\CNPM-Restaurant\\source_code\\vendor\\laravel\\framework\\src\\Illuminate\\Http\\Response.php(34): Illuminate\\Http\\Response->setContent(Object(Illuminate\\View\\View))
#13 D:\\Programs\\New folder\\htdocs\
ew\\CNPM-Restaurant\\source_code\\vendor\\laravel\\framework\\src\\Illuminate\\Routing\\Router.php(759): Illuminate\\Http\\Response->__construct(Object(Illuminate\\View\\View), 200, Array)
#14 D:\\Programs\\New folder\\htdocs\
ew\\CNPM-Restaurant\\source_code\\vendor\\laravel\\framework\\src\\Illuminate\\Routing\\Router.php(731): Illuminate\\Routing\\Router::toResponse(Object(Illuminate\\Http\\Request), Object(Illuminate\\View\\View))
#15 D:\\Programs\\New folder\\htdocs\
ew\\CNPM-Restaurant\\source_code\\vendor\\laravel\\framework\\src\\Illuminate\\Routing\\Router.php(685): Illuminate\\Routing\\Router->prepareResponse(Object(Illuminate\\Http\\Request), Object(Illuminate\\View\\View))
#16 D:\\Programs\\New folder\\htdocs\
ew\\CNPM-Restaurant\\source_code\\vendor\\laravel\\framework\\src\\Illuminate\\Pipeline\\Pipeline.php(128): Illuminate\\Routing\\Router->Illuminate\\Routing\\{closure}(Object(Illuminate\\Http\\Request))
#17 D:\\Programs\\New folder\\htdocs\
ew\\CNPM-Restaurant\\source_code\\vendor\\laravel\\framework\\src\\Illuminate\\Routing\\Middleware\\SubstituteBindings.php(41): Illuminate\\Pipeline\\Pipeline->Illuminate\\Pipeline\\{closure}(Object(Illuminate\\Http\\Request))
#18 D:\\Programs\\New folder\\htdocs\
ew\\CNPM-Restaurant\\source_code\\vendor\\laravel\\framework\\src\\Illuminate\\Pipeline\\Pipeline.php(167): Illuminate\\Routing\\Middleware\\SubstituteBindings->handle(Object(Illuminate\\Http\\Request), Object(Closure))
#19 D:\\Programs\\New folder\\htdocs\
ew\\CNPM-Restaurant\\source_code\\vendor\\laravel\\framework\\src\\Illuminate\\Foundation\\Http\\Middleware\\VerifyCsrfToken.php(78): Illuminate\\Pipeline\\Pipeline->Illuminate\\Pipeline\\{closure}(Object(Illuminate\\Http\\Request))
#20 D:\\Programs\\New folder\\htdocs\
ew\\CNPM-Restaurant\\source_code\\vendor\\laravel\\framework\\src\\Illuminate\\Pipeline\\Pipeline.php(167): Illuminate\\Foundation\\Http\\Middleware\\VerifyCsrfToken->handle(Object(Illuminate\\Http\\Request), Object(Closure))
#21 D:\\Programs\\New folder\\htdocs\
ew\\CNPM-Restaurant\\source_code\\vendor\\laravel\\framework\\src\\Illuminate\\View\\Middleware\\ShareErrorsFromSession.php(49): Illuminate\\Pipeline\\Pipeline->Illuminate\\Pipeline\\{closure}(Object(Illuminate\\Http\\Request))
#22 D:\\Programs\\New folder\\htdocs\
ew\\CNPM-Restaurant\\source_code\\vendor\\laravel\\framework\\src\\Illuminate\\Pipeline\\Pipeline.php(167): Illuminate\\View\\Middleware\\ShareErrorsFromSession->handle(Object(Illuminate\\Http\\Request), Object(Closure))
#23 D:\\Programs\\New folder\\htdocs\
ew\\CNPM-Restaurant\\source_code\\vendor\\laravel\\framework\\src\\Illuminate\\Session\\Middleware\\StartSession.php(116): Illuminate\\Pipeline\\Pipeline->Illuminate\\Pipeline\\{closure}(Object(Illuminate\\Http\\Request))
#24 D:\\Programs\\New folder\\htdocs\
ew\\CNPM-Restaurant\\source_code\\vendor\\laravel\\framework\\src\\Illuminate\\Session\\Middleware\\StartSession.php(62): Illuminate\\Session\\Middleware\\StartSession->handleStatefulRequest(Object(Illuminate\\Http\\Request), Object(Illuminate\\Session\\Store), Object(Closure))
#25 D:\\Programs\\New folder\\htdocs\
ew\\CNPM-Restaurant\\source_code\\vendor\\laravel\\framework\\src\\Illuminate\\Pipeline\\Pipeline.php(167): Illuminate\\Session\\Middleware\\StartSession->handle(Object(Illuminate\\Http\\Request), Object(Closure))
#26 D:\\Programs\\New folder\\htdocs\
ew\\CNPM-Restaurant\\source_code\\vendor\\laravel\\framework\\src\\Illuminate\\Cookie\\Middleware\\AddQueuedCookiesToResponse.php(37): Illuminate\\Pipeline\\Pipeline->Illuminate\\Pipeline\\{closure}(Object(Illuminate\\Http\\Request))
#27 D:\\Programs\\New folder\\htdocs\
ew\\CNPM-Restaurant\\source_code\\vendor\\laravel\\framework\\src\\Illuminate\\Pipeline\\Pipeline.php(167): Illuminate\\Cookie\\Middleware\\AddQueuedCookiesToResponse->handle(Object(Illuminate\\Http\\Request), Object(Closure))
#28 D:\\Programs\\New folder\\htdocs\
ew\\CNPM-Restaurant\\source_code\\vendor\\laravel\\framework\\src\\Illuminate\\Cookie\\Middleware\\EncryptCookies.php(67): Illuminate\\Pipeline\\Pipeline->Illuminate\\Pipeline\\{closure}(Object(Illuminate\\Http\\Request))
#29 D:\\Programs\\New folder\\htdocs\
ew\\CNPM-Restaurant\\source_code\\vendor\\laravel\\framework\\src\\Illuminate\\Pipeline\\Pipeline.php(167): Illuminate\\Cookie\\Middleware\\EncryptCookies->handle(Object(Illuminate\\Http\\Request), Object(Closure))
#30 D:\\Programs\\New folder\\htdocs\
ew\\CNPM-Restaurant\\source_code\\vendor\\laravel\\framework\\src\\Illuminate\\Pipeline\\Pipeline.php(103): Illuminate\\Pipeline\\Pipeline->Illuminate\\Pipeline\\{closure}(Object(Illuminate\\Http\\Request))
#31 D:\\Programs\\New folder\\htdocs\
ew\\CNPM-Restaurant\\source_code\\vendor\\laravel\\framework\\src\\Illuminate\\Routing\\Router.php(687): Illuminate\\Pipeline\\Pipeline->then(Object(Closure))
#32 D:\\Programs\\New folder\\htdocs\
ew\\CNPM-Restaurant\\source_code\\vendor\\laravel\\framework\\src\\Illuminate\\Routing\\Router.php(662): Illuminate\\Routing\\Router->runRouteWithinStack(Object(Illuminate\\Routing\\Route), Object(Illuminate\\Http\\Request))
#33 D:\\Programs\\New folder\\htdocs\
ew\\CNPM-Restaurant\\source_code\\vendor\\laravel\\framework\\src\\Illuminate\\Routing\\Router.php(628): Illuminate\\Routing\\Router->runRoute(Object(Illuminate\\Http\\Request), Object(Illuminate\\Routing\\Route))
#34 D:\\Programs\\New folder\\htdocs\
ew\\CNPM-Restaurant\\source_code\\vendor\\laravel\\framework\\src\\Illuminate\\Routing\\Router.php(617): Illuminate\\Routing\\Router->dispatchToRoute(Object(Illuminate\\Http\\Request))
#35 D:\\Programs\\New folder\\htdocs\
ew\\CNPM-Restaurant\\source_code\\vendor\\laravel\\framework\\src\\Illuminate\\Foundation\\Http\\Kernel.php(165): Illuminate\\Routing\\Router->dispatch(Object(Illuminate\\Http\\Request))
#36 D:\\Programs\\New folder\\htdocs\
ew\\CNPM-Restaurant\\source_code\\vendor\\laravel\\framework\\src\\Illuminate\\Pipeline\\Pipeline.php(128): Illuminate\\Foundation\\Http\\Kernel->Illuminate\\Foundation\\Http\\{closure}(Object(Illuminate\\Http\\Request))
#37 D:\\Programs\\New folder\\htdocs\
ew\\CNPM-Restaurant\\source_code\\vendor\\laravel\\framework\\src\\Illuminate\\Foundation\\Http\\Middleware\\TransformsRequest.php(21): Illuminate\\Pipeline\\Pipeline->Illuminate\\Pipeline\\{closure}(Object(Illuminate\\Http\\Request))
#38 D:\\Programs\\New folder\\htdocs\
ew\\CNPM-Restaurant\\source_code\\vendor\\laravel\\framework\\src\\Illuminate\\Pipeline\\Pipeline.php(167): Illuminate\\Foundation\\Http\\Middleware\\TransformsRequest->handle(Object(Illuminate\\Http\\Request), Object(Closure))
#39 D:\\Programs\\New folder\\htdocs\
ew\\CNPM-Restaurant\\source_code\\vendor\\laravel\\framework\\src\\Illuminate\\Foundation\\Http\\Middleware\\TransformsRequest.php(21): Illuminate\\Pipeline\\Pipeline->Illuminate\\Pipeline\\{closure}(Object(Illuminate\\Http\\Request))
#40 D:\\Programs\\New folder\\htdocs\
ew\\CNPM-Restaurant\\source_code\\vendor\\laravel\\framework\\src\\Illuminate\\Pipeline\\Pipeline.php(167): Illuminate\\Foundation\\Http\\Middleware\\TransformsRequest->handle(Object(Illuminate\\Http\\Request), Object(Closure))
#41 D:\\Programs\\New folder\\htdocs\
ew\\CNPM-Restaurant\\source_code\\vendor\\laravel\\framework\\src\\Illuminate\\Foundation\\Http\\Middleware\\ValidatePostSize.php(27): Illuminate\\Pipeline\\Pipeline->Illuminate\\Pipeline\\{closure}(Object(Illuminate\\Http\\Request))
#42 D:\\Programs\\New folder\\htdocs\
ew\\CNPM-Restaurant\\source_code\\vendor\\laravel\\framework\\src\\Illuminate\\Pipeline\\Pipeline.php(167): Illuminate\\Foundation\\Http\\Middleware\\ValidatePostSize->handle(Object(Illuminate\\Http\\Request), Object(Closure))
#43 D:\\Programs\\New folder\\htdocs\
ew\\CNPM-Restaurant\\source_code\\vendor\\laravel\\framework\\src\\Illuminate\\Foundation\\Http\\Middleware\\CheckForMaintenanceMode.php(63): Illuminate\\Pipeline\\Pipeline->Illuminate\\Pipeline\\{closure}(Object(Illuminate\\Http\\Request))
#44 D:\\Programs\\New folder\\htdocs\
ew\\CNPM-Restaurant\\source_code\\vendor\\laravel\\framework\\src\\Illuminate\\Pipeline\\Pipeline.php(167): Illuminate\\Foundation\\Http\\Middleware\\CheckForMaintenanceMode->handle(Object(Illuminate\\Http\\Request), Object(Closure))
#45 D:\\Programs\\New folder\\htdocs\
ew\\CNPM-Restaurant\\source_code\\vendor\\fruitcake\\laravel-cors\\src\\HandleCors.php(38): Illuminate\\Pipeline\\Pipeline->Illuminate\\Pipeline\\{closure}(Object(Illuminate\\Http\\Request))
#46 D:\\Programs\\New folder\\htdocs\
ew\\CNPM-Restaurant\\source_code\\vendor\\laravel\\framework\\src\\Illuminate\\Pipeline\\Pipeline.php(167): Fruitcake\\Cors\\HandleCors->handle(Object(Illuminate\\Http\\Request), Object(Closure))
#47 D:\\Programs\\New folder\\htdocs\
ew\\CNPM-Restaurant\\source_code\\vendor\\fideloper\\proxy\\src\\TrustProxies.php(57): Illuminate\\Pipeline\\Pipeline->Illuminate\\Pipeline\\{closure}(Object(Illuminate\\Http\\Request))
#48 D:\\Programs\\New folder\\htdocs\
ew\\CNPM-Restaurant\\source_code\\vendor\\laravel\\framework\\src\\Illuminate\\Pipeline\\Pipeline.php(167): Fideloper\\Proxy\\TrustProxies->handle(Object(Illuminate\\Http\\Request), Object(Closure))
#49 D:\\Programs\\New folder\\htdocs\
ew\\CNPM-Restaurant\\source_code\\vendor\\laravel\\framework\\src\\Illuminate\\Pipeline\\Pipeline.php(103): Illuminate\\Pipeline\\Pipeline->Illuminate\\Pipeline\\{closure}(Object(Illuminate\\Http\\Request))
#50 D:\\Programs\\New folder\\htdocs\
ew\\CNPM-Restaurant\\source_code\\vendor\\laravel\\framework\\src\\Illuminate\\Foundation\\Http\\Kernel.php(140): Illuminate\\Pipeline\\Pipeline->then(Object(Closure))
#51 D:\\Programs\\New folder\\htdocs\
ew\\CNPM-Restaurant\\source_code\\vendor\\laravel\\framework\\src\\Illuminate\\Foundation\\Http\\Kernel.php(109): Illuminate\\Foundation\\Http\\Kernel->sendRequestThroughRouter(Object(Illuminate\\Http\\Request))
#52 D:\\Programs\\New folder\\htdocs\
ew\\CNPM-Restaurant\\source_code\\public\\index.php(55): Illuminate\\Foundation\\Http\\Kernel->handle(Object(Illuminate\\Http\\Request))
#53 D:\\Programs\\New folder\\htdocs\
ew\\CNPM-Restaurant\\source_code\\server.php(19): require_once('D:\\\\Programs\\\\New...')
#54 {main}
"} 
